This file contains any messages produced by compilers while
running configure, to aid debugging if configure makes a mistake.

It was created by configure, which was
generated by GNU Autoconf 2.64.  Invocation command line was

  $ /mnt/hgfs/prj/kern_dbg_info/gdb/opcodes/configure --cache-file=./config.cache --with-system-zlib --prefix=/mnt/hgfs/prj/kern_dbg_info/gdb/gdb_bin --program-transform-name=s,y,y, --disable-option-checking --build=i686-pc-linux-gnu --host=i686-pc-linux-gnu --target=i686-pc-linux-gnu --srcdir=.././opcodes

## --------- ##
## Platform. ##
## --------- ##

hostname = ubuntu
uname -m = i686
uname -r = 2.6.38.8
uname -s = Linux
uname -v = #0 SMP Thu Oct 27 12:20:47 PDT 2011

/usr/bin/uname -p = unknown
/bin/uname -X     = unknown

/bin/arch              = unknown
/usr/bin/arch -k       = unknown
/usr/convex/getsysinfo = unknown
/usr/bin/hostinfo      = unknown
/bin/machine           = unknown
/usr/bin/oslevel       = unknown
/bin/universe          = unknown

PATH: /usr/local/sbin
PATH: /usr/local/bin
PATH: /usr/sbin
PATH: /usr/bin
PATH: /sbin
PATH: /bin
PATH: /usr/games


## ----------- ##
## Core tests. ##
## ----------- ##

configure:2175: creating cache ./config.cache
configure:2280: checking build system type
configure:2294: result: i686-pc-linux-gnu
configure:2314: checking host system type
configure:2327: result: i686-pc-linux-gnu
configure:2347: checking target system type
configure:2360: result: i686-pc-linux-gnu
configure:2394: checking for i686-pc-linux-gnu-gcc
configure:2421: result: gcc
configure:2690: checking for C compiler version
configure:2699: gcc --version >&5
gcc (Ubuntu 4.4.3-4ubuntu5) 4.4.3
Copyright (C) 2009 Free Software Foundation, Inc.
This is free software; see the source for copying conditions.  There is NO
warranty; not even for MERCHANTABILITY or FITNESS FOR A PARTICULAR PURPOSE.

configure:2710: $? = 0
configure:2699: gcc -v >&5
Using built-in specs.
Target: i486-linux-gnu
Configured with: ../src/configure -v --with-pkgversion='Ubuntu 4.4.3-4ubuntu5' --with-bugurl=file:///usr/share/doc/gcc-4.4/README.Bugs --enable-languages=c,c++,fortran,objc,obj-c++ --prefix=/usr --enable-shared --enable-multiarch --enable-linker-build-id --with-system-zlib --libexecdir=/usr/lib --without-included-gettext --enable-threads=posix --with-gxx-include-dir=/usr/include/c++/4.4 --program-suffix=-4.4 --enable-nls --enable-clocale=gnu --enable-libstdcxx-debug --enable-plugin --enable-objc-gc --enable-targets=all --disable-werror --with-arch-32=i486 --with-tune=generic --enable-checking=release --build=i486-linux-gnu --host=i486-linux-gnu --target=i486-linux-gnu
Thread model: posix
gcc version 4.4.3 (Ubuntu 4.4.3-4ubuntu5) 
configure:2710: $? = 0
configure:2699: gcc -V >&5
gcc: '-V' option must have argument
configure:2710: $? = 1
configure:2699: gcc -qversion >&5
gcc: unrecognized option '-qversion'
gcc: no input files
configure:2710: $? = 1
configure:2730: checking for C compiler default output file name
configure:2752: gcc -g -O2    conftest.c  >&5
configure:2756: $? = 0
configure:2793: result: a.out
configure:2809: checking whether the C compiler works
configure:2818: ./a.out
configure:2822: $? = 0
configure:2837: result: yes
configure:2844: checking whether we are cross compiling
configure:2846: result: no
configure:2849: checking for suffix of executables
configure:2856: gcc -o conftest -g -O2    conftest.c  >&5
configure:2860: $? = 0
configure:2882: result: 
configure:2888: checking for suffix of object files
configure:2910: gcc -c -g -O2  conftest.c >&5
configure:2914: $? = 0
configure:2935: result: o
configure:2939: checking whether we are using the GNU C compiler
configure:2958: gcc -c -g -O2  conftest.c >&5
configure:2958: $? = 0
configure:2967: result: yes
configure:2976: checking whether gcc accepts -g
configure:2996: gcc -c -g  conftest.c >&5
configure:2996: $? = 0
configure:3037: result: yes
configure:3054: checking for gcc option to accept ISO C89
configure:3118: gcc  -c -g -O2  conftest.c >&5
configure:3118: $? = 0
configure:3131: result: none needed
configure:3152: checking for library containing strerror
configure:3183: gcc -o conftest -g -O2    conftest.c  >&5
configure:3183: $? = 0
configure:3200: result: none required
configure:3230: checking for a BSD-compatible install
configure:3298: result: /usr/bin/install -c
configure:3309: checking whether build environment is sane
configure:3359: result: yes
configure:3500: checking for a thread-safe mkdir -p
configure:3539: result: /bin/mkdir -p
configure:3552: checking for gawk
configure:3579: result: mawk
configure:3590: checking whether make sets $(MAKE)
configure:3612: result: yes
configure:3642: checking for style of include used by make
configure:3670: result: GNU
configure:3755: checking dependency style of gcc
configure:3865: result: gcc3
configure:3890: checking for i686-pc-linux-gnu-gcc
configure:3917: result: gcc
configure:4186: checking for C compiler version
configure:4195: gcc --version >&5
gcc (Ubuntu 4.4.3-4ubuntu5) 4.4.3
Copyright (C) 2009 Free Software Foundation, Inc.
This is free software; see the source for copying conditions.  There is NO
warranty; not even for MERCHANTABILITY or FITNESS FOR A PARTICULAR PURPOSE.

configure:4206: $? = 0
configure:4195: gcc -v >&5
Using built-in specs.
Target: i486-linux-gnu
Configured with: ../src/configure -v --with-pkgversion='Ubuntu 4.4.3-4ubuntu5' --with-bugurl=file:///usr/share/doc/gcc-4.4/README.Bugs --enable-languages=c,c++,fortran,objc,obj-c++ --prefix=/usr --enable-shared --enable-multiarch --enable-linker-build-id --with-system-zlib --libexecdir=/usr/lib --without-included-gettext --enable-threads=posix --with-gxx-include-dir=/usr/include/c++/4.4 --program-suffix=-4.4 --enable-nls --enable-clocale=gnu --enable-libstdcxx-debug --enable-plugin --enable-objc-gc --enable-targets=all --disable-werror --with-arch-32=i486 --with-tune=generic --enable-checking=release --build=i486-linux-gnu --host=i486-linux-gnu --target=i486-linux-gnu
Thread model: posix
gcc version 4.4.3 (Ubuntu 4.4.3-4ubuntu5) 
configure:4206: $? = 0
configure:4195: gcc -V >&5
gcc: '-V' option must have argument
configure:4206: $? = 1
configure:4195: gcc -qversion >&5
gcc: unrecognized option '-qversion'
gcc: no input files
configure:4206: $? = 1
configure:4210: checking whether we are using the GNU C compiler
configure:4238: result: yes
configure:4247: checking whether gcc accepts -g
configure:4308: result: yes
configure:4325: checking for gcc option to accept ISO C89
configure:4402: result: none needed
configure:4427: checking how to run the C preprocessor
configure:4458: gcc -E  conftest.c
configure:4458: $? = 0
configure:4472: gcc -E  conftest.c
conftest.c:11:28: error: ac_nonexistent.h: No such file or directory
configure:4472: $? = 1
configure: failed program was:
| /* confdefs.h */
| #define PACKAGE_NAME ""
| #define PACKAGE_TARNAME ""
| #define PACKAGE_VERSION ""
| #define PACKAGE_STRING ""
| #define PACKAGE_BUGREPORT ""
| #define PACKAGE_URL ""
| #define PACKAGE "opcodes"
| #define VERSION "2.20.51"
| /* end confdefs.h.  */
| #include <ac_nonexistent.h>
configure:4497: result: gcc -E
configure:4517: gcc -E  conftest.c
configure:4517: $? = 0
configure:4531: gcc -E  conftest.c
conftest.c:11:28: error: ac_nonexistent.h: No such file or directory
configure:4531: $? = 1
configure: failed program was:
| /* confdefs.h */
| #define PACKAGE_NAME ""
| #define PACKAGE_TARNAME ""
| #define PACKAGE_VERSION ""
| #define PACKAGE_STRING ""
| #define PACKAGE_BUGREPORT ""
| #define PACKAGE_URL ""
| #define PACKAGE "opcodes"
| #define VERSION "2.20.51"
| /* end confdefs.h.  */
| #include <ac_nonexistent.h>
configure:4560: checking for grep that handles long lines and -e
configure:4618: result: /bin/grep
configure:4623: checking for egrep
configure:4685: result: /bin/grep -E
configure:4690: checking for ANSI C header files
configure:4710: gcc -c -g -O2  conftest.c >&5
configure:4710: $? = 0
configure:4783: gcc -o conftest -g -O2    conftest.c  >&5
configure:4783: $? = 0
configure:4783: ./conftest
configure:4783: $? = 0
configure:4794: result: yes
configure:4807: checking for sys/types.h
configure:4807: gcc -c -g -O2  conftest.c >&5
configure:4807: $? = 0
configure:4807: result: yes
configure:4807: checking for sys/stat.h
configure:4807: gcc -c -g -O2  conftest.c >&5
configure:4807: $? = 0
configure:4807: result: yes
configure:4807: checking for stdlib.h
configure:4807: gcc -c -g -O2  conftest.c >&5
configure:4807: $? = 0
configure:4807: result: yes
configure:4807: checking for string.h
configure:4807: gcc -c -g -O2  conftest.c >&5
configure:4807: $? = 0
configure:4807: result: yes
configure:4807: checking for memory.h
configure:4807: gcc -c -g -O2  conftest.c >&5
configure:4807: $? = 0
configure:4807: result: yes
configure:4807: checking for strings.h
configure:4807: gcc -c -g -O2  conftest.c >&5
configure:4807: $? = 0
configure:4807: result: yes
configure:4807: checking for inttypes.h
configure:4807: gcc -c -g -O2  conftest.c >&5
configure:4807: $? = 0
configure:4807: result: yes
configure:4807: checking for stdint.h
configure:4807: gcc -c -g -O2  conftest.c >&5
configure:4807: $? = 0
configure:4807: result: yes
configure:4807: checking for unistd.h
configure:4807: gcc -c -g -O2  conftest.c >&5
configure:4807: $? = 0
configure:4807: result: yes
configure:4821: checking minix/config.h usability
configure:4821: gcc -c -g -O2  conftest.c >&5
conftest.c:54:26: error: minix/config.h: No such file or directory
configure:4821: $? = 1
configure: failed program was:
| /* confdefs.h */
| #define PACKAGE_NAME ""
| #define PACKAGE_TARNAME ""
| #define PACKAGE_VERSION ""
| #define PACKAGE_STRING ""
| #define PACKAGE_BUGREPORT ""
| #define PACKAGE_URL ""
| #define PACKAGE "opcodes"
| #define VERSION "2.20.51"
| #define STDC_HEADERS 1
| #define HAVE_SYS_TYPES_H 1
| #define HAVE_SYS_STAT_H 1
| #define HAVE_STDLIB_H 1
| #define HAVE_STRING_H 1
| #define HAVE_MEMORY_H 1
| #define HAVE_STRINGS_H 1
| #define HAVE_INTTYPES_H 1
| #define HAVE_STDINT_H 1
| #define HAVE_UNISTD_H 1
| /* end confdefs.h.  */
| #include <stdio.h>
| #ifdef HAVE_SYS_TYPES_H
| # include <sys/types.h>
| #endif
| #ifdef HAVE_SYS_STAT_H
| # include <sys/stat.h>
| #endif
| #ifdef STDC_HEADERS
| # include <stdlib.h>
| # include <stddef.h>
| #else
| # ifdef HAVE_STDLIB_H
| #  include <stdlib.h>
| # endif
| #endif
| #ifdef HAVE_STRING_H
| # if !defined STDC_HEADERS && defined HAVE_MEMORY_H
| #  include <memory.h>
| # endif
| # include <string.h>
| #endif
| #ifdef HAVE_STRINGS_H
| # include <strings.h>
| #endif
| #ifdef HAVE_INTTYPES_H
| # include <inttypes.h>
| #endif
| #ifdef HAVE_STDINT_H
| # include <stdint.h>
| #endif
| #ifdef HAVE_UNISTD_H
| # include <unistd.h>
| #endif
| #include <minix/config.h>
configure:4821: result: no
configure:4821: checking minix/config.h presence
configure:4821: gcc -E  conftest.c
conftest.c:21:26: error: minix/config.h: No such file or directory
configure:4821: $? = 1
configure: failed program was:
| /* confdefs.h */
| #define PACKAGE_NAME ""
| #define PACKAGE_TARNAME ""
| #define PACKAGE_VERSION ""
| #define PACKAGE_STRING ""
| #define PACKAGE_BUGREPORT ""
| #define PACKAGE_URL ""
| #define PACKAGE "opcodes"
| #define VERSION "2.20.51"
| #define STDC_HEADERS 1
| #define HAVE_SYS_TYPES_H 1
| #define HAVE_SYS_STAT_H 1
| #define HAVE_STDLIB_H 1
| #define HAVE_STRING_H 1
| #define HAVE_MEMORY_H 1
| #define HAVE_STRINGS_H 1
| #define HAVE_INTTYPES_H 1
| #define HAVE_STDINT_H 1
| #define HAVE_UNISTD_H 1
| /* end confdefs.h.  */
| #include <minix/config.h>
configure:4821: result: no
configure:4821: checking for minix/config.h
configure:4821: result: no
configure:4842: checking whether it is safe to define __EXTENSIONS__
configure:4860: gcc -c -g -O2  conftest.c >&5
configure:4860: $? = 0
configure:4867: result: yes
configure:4887: checking for i686-pc-linux-gnu-ar
configure:4914: result: ar
configure:4979: checking for i686-pc-linux-gnu-ranlib
configure:5006: result: ranlib
configure:5147: checking how to print strings
configure:5174: result: printf
configure:5195: checking for a sed that does not truncate output
configure:5259: result: /bin/sed
configure:5277: checking for fgrep
configure:5339: result: /bin/grep -F
configure:5374: checking for ld used by gcc
configure:5441: result: ld
configure:5448: checking if the linker (ld) is GNU ld
configure:5463: result: yes
configure:5475: checking for BSD- or MS-compatible name lister (nm)
configure:5524: result: nm
configure:5654: checking the name lister (nm) interface
configure:5661: gcc -c -g -O2  conftest.c >&5
configure:5664: nm "conftest.o"
configure:5667: output
00000000 B some_variable
configure:5674: result: BSD nm
configure:5677: checking whether ln -s works
configure:5681: result: yes
configure:5689: checking the maximum length of command line arguments
configure:5814: result: 805306365
configure:5831: checking whether the shell understands some XSI constructs
configure:5841: result: yes
configure:5845: checking whether the shell understands "+="
configure:5851: result: yes
configure:5886: checking for ld option to reload object files
configure:5893: result: -r
configure:5922: checking for i686-pc-linux-gnu-objdump
configure:5949: result: objdump
configure:6021: checking how to recognize dependent libraries
configure:6222: result: pass_all
configure:6242: checking for i686-pc-linux-gnu-ar
configure:6269: result: ar
configure:6347: checking for i686-pc-linux-gnu-strip
configure:6377: result: no
configure:6387: checking for strip
configure:6403: found /usr/bin/strip
configure:6414: result: strip
configure:6446: checking for i686-pc-linux-gnu-ranlib
configure:6473: result: ranlib
configure:6615: checking command to parse nm output from gcc object
configure:6733: gcc -c -g -O2  conftest.c >&5
configure:6736: $? = 0
configure:6740: nm conftest.o \| sed -n -e 's/^.*[ ]\([ABCDGIRSTW][ABCDGIRSTW]*\)[ ][ ]*\([_A-Za-z][_A-Za-z0-9]*\)$/\1 \2 \2/p' \> conftest.nm
configure:6743: $? = 0
configure:6797: gcc -o conftest -g -O2    conftest.c conftstm.o >&5
configure:6800: $? = 0
configure:6838: result: ok
configure:7673: checking for dlfcn.h
configure:7673: gcc -c -g -O2  conftest.c >&5
configure:7673: $? = 0
configure:7673: result: yes
configure:7830: checking for objdir
configure:7845: result: .libs
configure:8116: checking if gcc supports -fno-rtti -fno-exceptions
configure:8134: gcc -c -g -O2  -fno-rtti -fno-exceptions conftest.c >&5
cc1: warning: command line option "-fno-rtti" is valid for C++/ObjC++ but not for C
configure:8138: $? = 0
configure:8151: result: no
configure:8171: checking for gcc option to produce PIC
configure:8456: result: -fPIC -DPIC
configure:8468: checking if gcc PIC flag -fPIC -DPIC works
configure:8486: gcc -c -g -O2  -fPIC -DPIC -DPIC conftest.c >&5
configure:8490: $? = 0
configure:8503: result: yes
configure:8527: checking if gcc static flag -static works
configure:8555: result: yes
configure:8570: checking if gcc supports -c -o file.o
configure:8591: gcc -c -g -O2  -o out/conftest2.o conftest.c >&5
configure:8595: $? = 0
configure:8617: result: yes
configure:8625: checking if gcc supports -c -o file.o
configure:8672: result: yes
configure:8705: checking whether the gcc linker (ld) supports shared libraries
configure:9780: result: yes
configure:10025: checking dynamic linker characteristics
configure:10480: gcc -o conftest -g -O2    -Wl,-rpath -Wl,/foo conftest.c  >&5
configure:10480: $? = 0
configure:10702: result: GNU/Linux ld.so
configure:10809: checking how to hardcode library paths into programs
configure:10834: result: immediate
configure:11374: checking whether stripping libraries is possible
configure:11379: result: yes
configure:11414: checking if libtool supports shared libraries
configure:11416: result: yes
configure:11419: checking whether to build shared libraries
configure:11440: result: no
configure:11443: checking whether to build static libraries
configure:11447: result: yes
configure:11563: checking whether to enable maintainer-specific portions of Makefiles
configure:11572: result: no
configure:11600: checking whether to install libbfd
configure:11613: result: yes
configure:11659: checking whether NLS is requested
configure:11665: result: yes
configure:11671: checking for catalogs to be installed
configure:11703: result:  da de es fi fr ga id nl pt_BR ro sv tr vi zh_CN da de es fi fr ga id nl pt_BR ro sv tr vi zh_CN
configure:11730: checking whether NLS is requested
configure:11739: result: yes
configure:11777: checking for msgfmt
configure:11811: result: no
configure:11817: checking for gmsgfmt
configure:11848: result: :
configure:11888: checking for xgettext
configure:11922: result: no
configure:11959: checking for msgmerge
configure:11992: result: no
configure:12071: checking for string.h
configure:12071: result: yes
configure:12071: checking for strings.h
configure:12071: result: yes
configure:12071: checking for stdlib.h
configure:12071: result: yes
configure:12071: checking limits.h usability
configure:12071: gcc -c -g -O2  conftest.c >&5
configure:12071: $? = 0
configure:12071: result: yes
configure:12071: checking limits.h presence
configure:12071: gcc -E  conftest.c
configure:12071: $? = 0
configure:12071: result: yes
configure:12071: checking for limits.h
configure:12071: result: yes
configure:12083: checking whether basename is declared
configure:12083: gcc -c -g -O2  conftest.c >&5
configure:12083: $? = 0
configure:12083: result: yes
configure:12093: checking whether stpcpy is declared
configure:12093: gcc -c -g -O2  conftest.c >&5
configure:12093: $? = 0
configure:12093: result: yes
configure:12135: checking linker --as-needed support
configure:12146: result: yes
configure:12237: checking for cos in -lm
configure:12262: gcc -o conftest -g -O2    conftest.c -lm   >&5
conftest.c:42: warning: conflicting types for built-in function 'cos'
configure:12262: $? = 0
configure:12271: result: yes
configure:12593: updating cache ./config.cache
configure:12658: creating ./config.status

## ---------------------- ##
## Running config.status. ##
## ---------------------- ##

This file was extended by config.status, which was
generated by GNU Autoconf 2.64.  Invocation command line was

  CONFIG_FILES    = 
  CONFIG_HEADERS  = 
  CONFIG_LINKS    = 
  CONFIG_COMMANDS = 
  $ ./config.status 

on ubuntu

config.status:1127: creating Makefile
config.status:1127: creating po/Makefile.in
config.status:1127: creating config.h
config.status:1347: executing depfiles commands
config.status:1347: executing libtool commands
config.status:1347: executing default-1 commands

## ---------------- ##
## Cache variables. ##
## ---------------- ##

ac_cv_build=i686-pc-linux-gnu
ac_cv_c_compiler_gnu=yes
ac_cv_env_CC_set=set
ac_cv_env_CC_value=gcc
ac_cv_env_CFLAGS_set=set
ac_cv_env_CFLAGS_value='-g -O2'
ac_cv_env_CPPFLAGS_set=
ac_cv_env_CPPFLAGS_value=
ac_cv_env_CPP_set=
ac_cv_env_CPP_value=
ac_cv_env_LDFLAGS_set=set
ac_cv_env_LDFLAGS_value=' '
ac_cv_env_LIBS_set=
ac_cv_env_LIBS_value=
ac_cv_env_build_alias_set=set
ac_cv_env_build_alias_value=i686-pc-linux-gnu
ac_cv_env_host_alias_set=set
ac_cv_env_host_alias_value=i686-pc-linux-gnu
ac_cv_env_target_alias_set=set
ac_cv_env_target_alias_value=i686-pc-linux-gnu
ac_cv_have_decl_basename=yes
ac_cv_have_decl_stpcpy=yes
ac_cv_header_dlfcn_h=yes
ac_cv_header_inttypes_h=yes
ac_cv_header_limits_h=yes
ac_cv_header_memory_h=yes
ac_cv_header_minix_config_h=no
ac_cv_header_stdc=yes
ac_cv_header_stdint_h=yes
ac_cv_header_stdlib_h=yes
ac_cv_header_string_h=yes
ac_cv_header_strings_h=yes
ac_cv_header_sys_stat_h=yes
ac_cv_header_sys_types_h=yes
ac_cv_header_unistd_h=yes
ac_cv_host=i686-pc-linux-gnu
ac_cv_lib_m_cos=yes
ac_cv_objext=o
ac_cv_path_EGREP='/bin/grep -E'
ac_cv_path_FGREP='/bin/grep -F'
ac_cv_path_GMSGFMT=:
ac_cv_path_GREP=/bin/grep
ac_cv_path_MSGFMT=:
ac_cv_path_MSGMERGE=:
ac_cv_path_SED=/bin/sed
ac_cv_path_XGETTEXT=:
ac_cv_path_mkdir=/bin/mkdir
ac_cv_prog_AR=ar
ac_cv_prog_AWK=mawk
ac_cv_prog_CC=gcc
ac_cv_prog_CPP='gcc -E'
ac_cv_prog_OBJDUMP=objdump
ac_cv_prog_RANLIB=ranlib
ac_cv_prog_ac_ct_STRIP=strip
ac_cv_prog_cc_c89=
ac_cv_prog_cc_g=yes
ac_cv_prog_make_make_set=yes
ac_cv_safe_to_define___extensions__=yes
ac_cv_search_strerror='none required'
ac_cv_target=i686-pc-linux-gnu
am_cv_CC_dependencies_compiler_type=gcc3
bfd_cv_ld_as_needed=yes
lt_cv_deplibs_check_method=pass_all
lt_cv_file_magic_cmd='$MAGIC_CMD'
lt_cv_file_magic_test_file=
lt_cv_ld_reload_flag=-r
lt_cv_nm_interface='BSD nm'
lt_cv_objdir=.libs
lt_cv_path_LD=ld
lt_cv_path_NM=nm
lt_cv_prog_compiler_c_o=yes
lt_cv_prog_compiler_pic_works=yes
lt_cv_prog_compiler_rtti_exceptions=no
lt_cv_prog_compiler_static_works=yes
lt_cv_prog_gnu_ld=yes
lt_cv_shlibpath_overrides_runpath=no
lt_cv_sys_global_symbol_pipe='sed -n -e '\''s/^.*[	 ]\([ABCDGIRSTW][ABCDGIRSTW]*\)[	 ][	 ]*\([_A-Za-z][_A-Za-z0-9]*\)$/\1 \2 \2/p'\'''
lt_cv_sys_global_symbol_to_c_name_address='sed -n -e '\''s/^: \([^ ]*\) $/  {\"\1\", (void *) 0},/p'\'' -e '\''s/^[ABCDGIRSTW]* \([^ ]*\) \([^ ]*\)$/  {"\2", (void *) \&\2},/p'\'''
lt_cv_sys_global_symbol_to_c_name_address_lib_prefix='sed -n -e '\''s/^: \([^ ]*\) $/  {\"\1\", (void *) 0},/p'\'' -e '\''s/^[ABCDGIRSTW]* \([^ ]*\) \(lib[^ ]*\)$/  {"\2", (void *) \&\2},/p'\'' -e '\''s/^[ABCDGIRSTW]* \([^ ]*\) \([^ ]*\)$/  {"lib\2", (void *) \&\2},/p'\'''
lt_cv_sys_global_symbol_to_cdecl='sed -n -e '\''s/^T .* \(.*\)$/extern int \1();/p'\'' -e '\''s/^[ABCDGIRSTW]* .* \(.*\)$/extern char \1;/p'\'''
lt_cv_sys_max_cmd_len=805306365

## ----------------- ##
## Output variables. ##
## ----------------- ##

ACLOCAL='${SHELL} /mnt/hgfs/prj/kern_dbg_info/gdb/missing --run aclocal-1.11'
AMDEPBACKSLASH='\'
AMDEP_FALSE='#'
AMDEP_TRUE=''
AMTAR='${SHELL} /mnt/hgfs/prj/kern_dbg_info/gdb/missing --run tar'
AR='ar'
AUTOCONF='${SHELL} /mnt/hgfs/prj/kern_dbg_info/gdb/missing --run autoconf'
AUTOHEADER='${SHELL} /mnt/hgfs/prj/kern_dbg_info/gdb/missing --run autoheader'
AUTOMAKE='${SHELL} /mnt/hgfs/prj/kern_dbg_info/gdb/missing --run automake-1.11'
AWK='mawk'
BFD_MACHINES=' i386-dis.lo i386-opc.lo'
BUILD_LIBS='../libiberty/libiberty.a '
BUILD_LIB_DEPS='../libiberty/libiberty.a '
CATALOGS=' da.gmo de.gmo es.gmo fi.gmo fr.gmo ga.gmo id.gmo nl.gmo pt_BR.gmo ro.gmo sv.gmo tr.gmo vi.gmo zh_CN.gmo da.gmo de.gmo es.gmo fi.gmo fr.gmo ga.gmo id.gmo nl.gmo pt_BR.gmo ro.gmo sv.gmo tr.gmo vi.gmo zh_CN.gmo'
CATOBJEXT='.gmo'
CC='gcc'
CCDEPMODE='depmode=gcc3'
CC_FOR_BUILD='gcc'
CFLAGS='-g -O2'
CGEN_MAINT_FALSE=''
CGEN_MAINT_TRUE='#'
CPP='gcc -E'
CPPFLAGS=''
CYGPATH_W='echo'
DATADIRNAME='share'
DEFS='-DHAVE_CONFIG_H'
DEPDIR='.deps'
DSYMUTIL=''
DUMPBIN=''
ECHO_C=''
ECHO_N='-n'
ECHO_T=''
EGREP='/bin/grep -E'
EXEEXT=''
EXEEXT_FOR_BUILD='$(EXEEXT)'
FGREP='/bin/grep -F'
GENCAT='gencat'
GMSGFMT=':'
GREP='/bin/grep'
HDEFINES=''
INCINTL=''
INSTALL_DATA='/usr/bin/install -c -m 644'
INSTALL_LIBBFD_FALSE='#'
INSTALL_LIBBFD_TRUE=''
INSTALL_PROGRAM='/usr/bin/install -c'
INSTALL_SCRIPT='/usr/bin/install -c'
INSTALL_STRIP_PROGRAM='$(install_sh) -c -s'
INSTOBJEXT='.mo'
LD='ld'
LDFLAGS=' '
LIBINTL=''
LIBINTL_DEP=''
LIBM='-lm'
LIBOBJS=''
LIBS=''
LIBTOOL='$(SHELL) $(top_builddir)/libtool'
LIPO=''
LN_S='ln -s'
LTLIBOBJS=''
MAINT='#'
MAINTAINER_MODE_FALSE=''
MAINTAINER_MODE_TRUE='#'
MAKEINFO='makeinfo --split-size=5000000'
MKDIR_P='/bin/mkdir -p'
MKINSTALLDIRS='$(top_builddir)/./../mkinstalldirs'
MSGFMT=':'
MSGMERGE=':'
NM='nm'
NMEDIT=''
NO_WERROR='-Wno-error'
OBJDUMP='objdump'
OBJEXT='o'
OTOOL64=''
OTOOL=''
PACKAGE='opcodes'
PACKAGE_BUGREPORT=''
PACKAGE_NAME=''
PACKAGE_STRING=''
PACKAGE_TARNAME=''
PACKAGE_URL=''
PACKAGE_VERSION=''
PATH_SEPARATOR=':'
POSUB='po'
RANLIB='ranlib'
SED='/bin/sed'
SET_MAKE=''
SHARED_DEPENDENCIES=''
SHARED_LDFLAGS=''
SHARED_LIBADD=''
SHELL='/bin/bash'
STRIP='strip'
USE_NLS='yes'
VERSION='2.20.51'
WARN_CFLAGS='-W -Wall -Wstrict-prototypes -Wmissing-prototypes -Wshadow -Werror'
XGETTEXT=':'
ac_ct_CC=''
ac_ct_DUMPBIN=''
am__EXEEXT_FALSE=''
am__EXEEXT_TRUE='#'
am__fastdepCC_FALSE='#'
am__fastdepCC_TRUE=''
am__include='include'
am__isrc=''
am__leading_dot='.'
am__quote=''
am__tar='${AMTAR} chof - "$$tardir"'
am__untar='${AMTAR} xf -'
archdefs=' -DARCH_i386'
bfdincludedir='$(includedir)'
bfdlibdir='$(libdir)'
bindir='${exec_prefix}/bin'
build='i686-pc-linux-gnu'
build_alias='i686-pc-linux-gnu'
build_cpu='i686'
build_os='linux-gnu'
build_vendor='pc'
cgendir='$(srcdir)/../cgen'
datadir='${datarootdir}'
datarootdir='${prefix}/share'
docdir='${datarootdir}/doc/${PACKAGE}'
dvidir='${docdir}'
exec_prefix='${prefix}'
host='i686-pc-linux-gnu'
host_alias='i686-pc-linux-gnu'
host_cpu='i686'
host_noncanonical='i686-pc-linux-gnu'
host_os='linux-gnu'
host_vendor='pc'
htmldir='${docdir}'
includedir='${prefix}/include'
infodir='${datarootdir}/info'
install_sh='${SHELL} /mnt/hgfs/prj/kern_dbg_info/gdb/install-sh'
libdir='${exec_prefix}/lib'
libexecdir='${exec_prefix}/libexec'
localedir='${datarootdir}/locale'
localstatedir='${prefix}/var'
mandir='${datarootdir}/man'
mkdir_p='/bin/mkdir -p'
oldincludedir='/usr/include'
pdfdir='${docdir}'
prefix='/mnt/hgfs/prj/kern_dbg_info/gdb/gdb_bin'
program_transform_name='s,y,y,'
psdir='${docdir}'
sbindir='${exec_prefix}/sbin'
sharedstatedir='${prefix}/com'
sysconfdir='${prefix}/etc'
target='i686-pc-linux-gnu'
target_alias='i686-pc-linux-gnu'
target_cpu='i686'
target_noncanonical='i686-pc-linux-gnu'
target_os='linux-gnu'
target_vendor='pc'

## ----------- ##
## confdefs.h. ##
## ----------- ##

/* confdefs.h */
#define PACKAGE_NAME ""
#define PACKAGE_TARNAME ""
#define PACKAGE_VERSION ""
#define PACKAGE_STRING ""
#define PACKAGE_BUGREPORT ""
#define PACKAGE_URL ""
#define PACKAGE "opcodes"
#define VERSION "2.20.51"
#define STDC_HEADERS 1
#define HAVE_SYS_TYPES_H 1
#define HAVE_SYS_STAT_H 1
#define HAVE_STDLIB_H 1
#define HAVE_STRING_H 1
#define HAVE_MEMORY_H 1
#define HAVE_STRINGS_H 1
#define HAVE_INTTYPES_H 1
#define HAVE_STDINT_H 1
#define HAVE_UNISTD_H 1
#define __EXTENSIONS__ 1
#define _ALL_SOURCE 1
#define _GNU_SOURCE 1
#define _POSIX_PTHREAD_SEMANTICS 1
#define _TANDEM_SOURCE 1
#define HAVE_DLFCN_H 1
#define LT_OBJDIR ".libs/"
#define ENABLE_NLS 1
#define HAVE_STRING_H 1
#define HAVE_STRINGS_H 1
#define HAVE_STDLIB_H 1
#define HAVE_LIMITS_H 1
#define HAVE_DECL_BASENAME 1
#define HAVE_DECL_STPCPY 1

configure: exit 0
