This file contains any messages produced by compilers while
running configure, to aid debugging if configure makes a mistake.

It was created by configure, which was
generated by GNU Autoconf 2.64.  Invocation command line was

  $ /mnt/hgfs/prj/kern_dbg_info/gdb/gdb/configure --cache-file=./config.cache --with-system-zlib --prefix=/mnt/hgfs/prj/kern_dbg_info/gdb/gdb_bin --program-transform-name=s,y,y, --disable-option-checking --build=i686-pc-linux-gnu --host=i686-pc-linux-gnu --target=i686-pc-linux-gnu --srcdir=.././gdb

## --------- ##
## Platform. ##
## --------- ##

hostname = ubuntu
uname -m = i686
uname -r = 2.6.38.8
uname -s = Linux
uname -v = #0 SMP Thu Oct 27 12:20:47 PDT 2011

/usr/bin/uname -p = unknown
/bin/uname -X     = unknown

/bin/arch              = unknown
/usr/bin/arch -k       = unknown
/usr/convex/getsysinfo = unknown
/usr/bin/hostinfo      = unknown
/bin/machine           = unknown
/usr/bin/oslevel       = unknown
/bin/universe          = unknown

PATH: /usr/local/sbin
PATH: /usr/local/bin
PATH: /usr/sbin
PATH: /usr/bin
PATH: /sbin
PATH: /bin
PATH: /usr/games


## ----------- ##
## Core tests. ##
## ----------- ##

configure:2655: loading cache ./config.cache
configure:2745: checking whether to enable maintainer-specific portions of Makefiles
configure:2754: result: no
configure:2776: checking for i686-pc-linux-gnu-gcc
configure:2803: result: gcc
configure:3072: checking for C compiler version
configure:3081: gcc --version >&5
gcc (Ubuntu 4.4.3-4ubuntu5) 4.4.3
Copyright (C) 2009 Free Software Foundation, Inc.
This is free software; see the source for copying conditions.  There is NO
warranty; not even for MERCHANTABILITY or FITNESS FOR A PARTICULAR PURPOSE.

configure:3092: $? = 0
configure:3081: gcc -v >&5
Using built-in specs.
Target: i486-linux-gnu
Configured with: ../src/configure -v --with-pkgversion='Ubuntu 4.4.3-4ubuntu5' --with-bugurl=file:///usr/share/doc/gcc-4.4/README.Bugs --enable-languages=c,c++,fortran,objc,obj-c++ --prefix=/usr --enable-shared --enable-multiarch --enable-linker-build-id --with-system-zlib --libexecdir=/usr/lib --without-included-gettext --enable-threads=posix --with-gxx-include-dir=/usr/include/c++/4.4 --program-suffix=-4.4 --enable-nls --enable-clocale=gnu --enable-libstdcxx-debug --enable-plugin --enable-objc-gc --enable-targets=all --disable-werror --with-arch-32=i486 --with-tune=generic --enable-checking=release --build=i486-linux-gnu --host=i486-linux-gnu --target=i486-linux-gnu
Thread model: posix
gcc version 4.4.3 (Ubuntu 4.4.3-4ubuntu5) 
configure:3092: $? = 0
configure:3081: gcc -V >&5
gcc: '-V' option must have argument
configure:3092: $? = 1
configure:3081: gcc -qversion >&5
gcc: unrecognized option '-qversion'
gcc: no input files
configure:3092: $? = 1
configure:3112: checking for C compiler default output file name
configure:3134: gcc -g -O2    conftest.c  >&5
configure:3138: $? = 0
configure:3175: result: a.out
configure:3191: checking whether the C compiler works
configure:3200: ./a.out
configure:3204: $? = 0
configure:3219: result: yes
configure:3226: checking whether we are cross compiling
configure:3228: result: no
configure:3231: checking for suffix of executables
configure:3238: gcc -o conftest -g -O2    conftest.c  >&5
configure:3242: $? = 0
configure:3264: result: 
configure:3270: checking for suffix of object files
configure:3317: result: o
configure:3321: checking whether we are using the GNU C compiler
configure:3349: result: yes
configure:3358: checking whether gcc accepts -g
configure:3419: result: yes
configure:3436: checking for gcc option to accept ISO C89
configure:3513: result: none needed
configure:3539: checking how to run the C preprocessor
configure:3609: result: gcc -E
configure:3629: gcc -E  conftest.c
configure:3629: $? = 0
configure:3643: gcc -E  conftest.c
conftest.c:9:28: error: ac_nonexistent.h: No such file or directory
configure:3643: $? = 1
configure: failed program was:
| /* confdefs.h */
| #define PACKAGE_NAME ""
| #define PACKAGE_TARNAME ""
| #define PACKAGE_VERSION ""
| #define PACKAGE_STRING ""
| #define PACKAGE_BUGREPORT ""
| #define PACKAGE_URL ""
| /* end confdefs.h.  */
| #include <ac_nonexistent.h>
configure:3672: checking for grep that handles long lines and -e
configure:3730: result: /bin/grep
configure:3735: checking for egrep
configure:3797: result: /bin/grep -E
configure:3802: checking for ANSI C header files
configure:3906: result: yes
configure:3919: checking for sys/types.h
configure:3919: result: yes
configure:3919: checking for sys/stat.h
configure:3919: result: yes
configure:3919: checking for stdlib.h
configure:3919: result: yes
configure:3919: checking for string.h
configure:3919: result: yes
configure:3919: checking for memory.h
configure:3919: result: yes
configure:3919: checking for strings.h
configure:3919: result: yes
configure:3919: checking for inttypes.h
configure:3919: result: yes
configure:3919: checking for stdint.h
configure:3919: result: yes
configure:3919: checking for unistd.h
configure:3919: result: yes
configure:3933: checking for minix/config.h
configure:3933: result: no
configure:3954: checking whether it is safe to define __EXTENSIONS__
configure:3979: result: yes
configure:3996: checking for i686-pc-linux-gnu-ranlib
configure:4023: result: ranlib
configure:4117: checking build system type
configure:4131: result: i686-pc-linux-gnu
configure:4151: checking host system type
configure:4164: result: i686-pc-linux-gnu
configure:4184: checking target system type
configure:4197: result: i686-pc-linux-gnu
configure:4266: checking for special C compiler options needed for large files
configure:4311: result: no
configure:4317: checking for _FILE_OFFSET_BITS value needed for large files
configure:4374: result: 64
configure:4461: checking for gcc option to accept ANSI C
configure:4529: result: none needed
configure:4584: checking dependency style of gcc
configure:4669: result: gcc3
configure:4683: checking for make
configure:4710: result: make
configure:4735: checking whether make sets $(MAKE)
configure:4757: result: yes
configure:4791: checking whether NLS is requested
configure:4797: result: yes
configure:4803: checking for catalogs to be installed
configure:4835: result: 
configure:4913: checking whether memmem is declared
configure:4913: result: yes
configure:4938: checking for memmem
configure:4938: result: yes
configure:4965: checking for long long int
configure:5047: result: yes
configure:5056: checking for unsigned long long int
configure:5101: result: yes
configure:5111: checking whether the preprocessor supports include_next
configure:5149: result: yes
configure:5170: checking for stdint.h
configure:5170: result: yes
configure:5170: checking for wchar.h
configure:5170: result: yes
configure:5170: checking for string.h
configure:5170: result: yes
configure:5190: checking for C/C++ restrict keyword
configure:5223: result: __restrict
configure:5323: checking for memchr
configure:5323: result: yes
configure:5355: checking for working memcmp
configure:5408: result: yes
configure:5430: checking whether memmem works in linear time
configure:5480: result: yes
configure:5509: checking for memmem
configure:5509: result: yes
configure:5623: checking whether stdint.h conforms to C99
configure:5797: result: yes
configure:6022: checking whether <wchar.h> is standalone
configure:6039: result: yes
configure:6157: checking for a BSD-compatible install
configure:6225: result: /usr/bin/install -c
configure:6236: checking whether build environment is sane
configure:6286: result: yes
configure:6427: checking for a thread-safe mkdir -p
configure:6466: result: /bin/mkdir -p
configure:6479: checking for gawk
configure:6506: result: mawk
configure:6527: checking for style of include used by make
configure:6555: result: GNU
configure:6631: checking dependency style of gcc
configure:6741: result: gcc3
configure:7139: checking for libunwind.h
configure:7139: result: no
configure:7139: checking for libunwind-ia64.h
configure:7139: result: no
configure:7210: checking for monstartup
configure:7210: result: yes
configure:7210: checking for _mcleanup
configure:7210: result: yes
configure:7220: checking for _etext
configure:7246: result: yes
configure:7253: checking for etext
configure:7279: result: yes
configure:7391: checking for gawk
configure:7418: result: mawk
configure:7430: checking whether ln -s works
configure:7434: result: yes
configure:7444: checking for i686-pc-linux-gnu-ranlib
configure:7471: result: ranlib
configure:7537: checking for bison
configure:7564: result: /mnt/hgfs/prj/kern_dbg_info/gdb/missing bison -y
configure:7580: checking for i686-pc-linux-gnu-ar
configure:7607: result: ar
configure:7672: checking for i686-pc-linux-gnu-dlltool
configure:7699: result: dlltool
configure:7764: checking for i686-pc-linux-gnu-windres
configure:7791: result: windres
configure:7858: checking for i686-pc-linux-gnu-mig
configure:7888: result: no
configure:7898: checking for mig
configure:7928: result: no
configure:7953: checking for main in -lm
configure:7981: result: yes
configure:7997: checking for wctype
configure:7997: result: yes
configure:8050: checking for library containing gethostbyname
configure:8098: result: none required
configure:8108: checking for library containing socketpair
configure:8156: result: none required
configure:8178: checking for library containing zlibVersion
configure:8226: result: no
configure:8252: checking for library containing dlgetmodinfo
configure:8300: result: no
configure:8326: checking for iconv
configure:8433: result: yes
configure:8457: checking for iconv declaration
configure:8497: result: install-shextern size_t iconv (iconv_t cd, char * *inbuf, size_t *inbytesleft, char * *outbuf, size_t *outbytesleft);
configure:8549: checking for library containing waddstr
configure:8597: result: -lncurses
configure:8655: checking for library containing tgetent
configure:8703: result: none required
configure:8777: checking whether to use expat
configure:8779: result: auto
configure:8827: checking for ld used by GCC
configure:8890: result: ld
configure:8897: checking if the linker (ld) is GNU ld
configure:8909: result: yes
configure:8915: checking for shared library run path origin
configure:8928: result: done
configure:9355: checking for libexpat
configure:9384: result: no
configure:9411: WARNING: expat is missing or unusable; some features may be unavailable.
configure:9442: checking whether to use python
configure:9444: result: auto
configure:9478: checking for python2.6
configure:9493: gcc -o conftest -g -O2      conftest.c -lncurses -lm     -lpython2.6 >&5
conftest.c:53:30: error: python2.6/Python.h: No such file or directory
configure:9493: $? = 1
configure: failed program was:
| /* confdefs.h */
| #define PACKAGE_NAME ""
| #define PACKAGE_TARNAME ""
| #define PACKAGE_VERSION ""
| #define PACKAGE_STRING ""
| #define PACKAGE_BUGREPORT ""
| #define PACKAGE_URL ""
| #define STDC_HEADERS 1
| #define HAVE_SYS_TYPES_H 1
| #define HAVE_SYS_STAT_H 1
| #define HAVE_STDLIB_H 1
| #define HAVE_STRING_H 1
| #define HAVE_MEMORY_H 1
| #define HAVE_STRINGS_H 1
| #define HAVE_INTTYPES_H 1
| #define HAVE_STDINT_H 1
| #define HAVE_UNISTD_H 1
| #define __EXTENSIONS__ 1
| #define _ALL_SOURCE 1
| #define _GNU_SOURCE 1
| #define _POSIX_PTHREAD_SEMANTICS 1
| #define _TANDEM_SOURCE 1
| #define _FILE_OFFSET_BITS 64
| #define ENABLE_NLS 1
| #define HAVE_DECL_MEMMEM 1
| #define HAVE_MEMMEM 1
| #define HAVE_LONG_LONG_INT 1
| #define HAVE_UNSIGNED_LONG_LONG_INT 1
| #define HAVE_INCLUDE_NEXT 1
| #define HAVE_STDINT_H 1
| #define HAVE_WCHAR_H 1
| #define HAVE_STRING_H 1
| #define restrict __restrict
| #define HAVE_MEMCHR 1
| #define HAVE_MEMMEM 1
| #define PACKAGE "gdb"
| #define DEBUGDIR "/mnt/hgfs/prj/kern_dbg_info/gdb/gdb_bin/lib/debug"
| #define DEBUGDIR_RELOCATABLE 1
| #define GDB_DATADIR "/mnt/hgfs/prj/kern_dbg_info/gdb/gdb_bin/share/gdb"
| #define GDB_DATADIR_RELOCATABLE 1
| #define DEFAULT_BFD_ARCH bfd_i386_arch
| #define DEFAULT_BFD_VEC bfd_elf32_i386_vec
| #define HAVE_MONSTARTUP 1
| #define HAVE__MCLEANUP 1
| #define HAVE__ETEXT 1
| #define HAVE_ETEXT 1
| #define PKGVERSION "(GDB) "
| #define REPORT_BUGS_TO "<http://www.gnu.org/software/gdb/bugs/>"
| #define HAVE_LIBM 1
| #define HAVE_ICONV 1
| #define ICONV_CONST 
| /* end confdefs.h.  */
| #include "python2.6/Python.h"
| int
| main ()
| {
| Py_Initialize ();
|   ;
|   return 0;
| }
configure:9501: result: no
configure:9516: checking for python2.5
configure:9531: gcc -o conftest -g -O2      conftest.c -lncurses -lm     -lpython2.5 >&5
conftest.c:53:30: error: python2.5/Python.h: No such file or directory
configure:9531: $? = 1
configure: failed program was:
| /* confdefs.h */
| #define PACKAGE_NAME ""
| #define PACKAGE_TARNAME ""
| #define PACKAGE_VERSION ""
| #define PACKAGE_STRING ""
| #define PACKAGE_BUGREPORT ""
| #define PACKAGE_URL ""
| #define STDC_HEADERS 1
| #define HAVE_SYS_TYPES_H 1
| #define HAVE_SYS_STAT_H 1
| #define HAVE_STDLIB_H 1
| #define HAVE_STRING_H 1
| #define HAVE_MEMORY_H 1
| #define HAVE_STRINGS_H 1
| #define HAVE_INTTYPES_H 1
| #define HAVE_STDINT_H 1
| #define HAVE_UNISTD_H 1
| #define __EXTENSIONS__ 1
| #define _ALL_SOURCE 1
| #define _GNU_SOURCE 1
| #define _POSIX_PTHREAD_SEMANTICS 1
| #define _TANDEM_SOURCE 1
| #define _FILE_OFFSET_BITS 64
| #define ENABLE_NLS 1
| #define HAVE_DECL_MEMMEM 1
| #define HAVE_MEMMEM 1
| #define HAVE_LONG_LONG_INT 1
| #define HAVE_UNSIGNED_LONG_LONG_INT 1
| #define HAVE_INCLUDE_NEXT 1
| #define HAVE_STDINT_H 1
| #define HAVE_WCHAR_H 1
| #define HAVE_STRING_H 1
| #define restrict __restrict
| #define HAVE_MEMCHR 1
| #define HAVE_MEMMEM 1
| #define PACKAGE "gdb"
| #define DEBUGDIR "/mnt/hgfs/prj/kern_dbg_info/gdb/gdb_bin/lib/debug"
| #define DEBUGDIR_RELOCATABLE 1
| #define GDB_DATADIR "/mnt/hgfs/prj/kern_dbg_info/gdb/gdb_bin/share/gdb"
| #define GDB_DATADIR_RELOCATABLE 1
| #define DEFAULT_BFD_ARCH bfd_i386_arch
| #define DEFAULT_BFD_VEC bfd_elf32_i386_vec
| #define HAVE_MONSTARTUP 1
| #define HAVE__MCLEANUP 1
| #define HAVE__ETEXT 1
| #define HAVE_ETEXT 1
| #define PKGVERSION "(GDB) "
| #define REPORT_BUGS_TO "<http://www.gnu.org/software/gdb/bugs/>"
| #define HAVE_LIBM 1
| #define HAVE_ICONV 1
| #define ICONV_CONST 
| /* end confdefs.h.  */
| #include "python2.5/Python.h"
| int
| main ()
| {
| Py_Initialize ();
|   ;
|   return 0;
| }
configure:9539: result: no
configure:9554: checking for python2.4
configure:9569: gcc -o conftest -g -O2      conftest.c -lncurses -lm     -lpython2.4 >&5
conftest.c:53:30: error: python2.4/Python.h: No such file or directory
configure:9569: $? = 1
configure: failed program was:
| /* confdefs.h */
| #define PACKAGE_NAME ""
| #define PACKAGE_TARNAME ""
| #define PACKAGE_VERSION ""
| #define PACKAGE_STRING ""
| #define PACKAGE_BUGREPORT ""
| #define PACKAGE_URL ""
| #define STDC_HEADERS 1
| #define HAVE_SYS_TYPES_H 1
| #define HAVE_SYS_STAT_H 1
| #define HAVE_STDLIB_H 1
| #define HAVE_STRING_H 1
| #define HAVE_MEMORY_H 1
| #define HAVE_STRINGS_H 1
| #define HAVE_INTTYPES_H 1
| #define HAVE_STDINT_H 1
| #define HAVE_UNISTD_H 1
| #define __EXTENSIONS__ 1
| #define _ALL_SOURCE 1
| #define _GNU_SOURCE 1
| #define _POSIX_PTHREAD_SEMANTICS 1
| #define _TANDEM_SOURCE 1
| #define _FILE_OFFSET_BITS 64
| #define ENABLE_NLS 1
| #define HAVE_DECL_MEMMEM 1
| #define HAVE_MEMMEM 1
| #define HAVE_LONG_LONG_INT 1
| #define HAVE_UNSIGNED_LONG_LONG_INT 1
| #define HAVE_INCLUDE_NEXT 1
| #define HAVE_STDINT_H 1
| #define HAVE_WCHAR_H 1
| #define HAVE_STRING_H 1
| #define restrict __restrict
| #define HAVE_MEMCHR 1
| #define HAVE_MEMMEM 1
| #define PACKAGE "gdb"
| #define DEBUGDIR "/mnt/hgfs/prj/kern_dbg_info/gdb/gdb_bin/lib/debug"
| #define DEBUGDIR_RELOCATABLE 1
| #define GDB_DATADIR "/mnt/hgfs/prj/kern_dbg_info/gdb/gdb_bin/share/gdb"
| #define GDB_DATADIR_RELOCATABLE 1
| #define DEFAULT_BFD_ARCH bfd_i386_arch
| #define DEFAULT_BFD_VEC bfd_elf32_i386_vec
| #define HAVE_MONSTARTUP 1
| #define HAVE__MCLEANUP 1
| #define HAVE__ETEXT 1
| #define HAVE_ETEXT 1
| #define PKGVERSION "(GDB) "
| #define REPORT_BUGS_TO "<http://www.gnu.org/software/gdb/bugs/>"
| #define HAVE_LIBM 1
| #define HAVE_ICONV 1
| #define ICONV_CONST 
| /* end confdefs.h.  */
| #include "python2.4/Python.h"
| int
| main ()
| {
| Py_Initialize ();
|   ;
|   return 0;
| }
configure:9577: result: no
configure:9592: WARNING: python is missing or unusable; some features may be unavailable.
configure:9664: checking for dirent.h that defines DIR
configure:9691: result: yes
configure:9705: checking for library containing opendir
configure:9753: result: none required
configure:9820: checking whether stat file-mode macros are broken
configure:9854: result: no
configure:9862: checking for ANSI C header files
configure:9966: result: yes
configure:9987: checking for nlist.h
configure:9987: result: no
configure:9987: checking for machine/reg.h
configure:9987: result: no
configure:9987: checking for poll.h
configure:9987: result: yes
configure:9987: checking for sys/poll.h
configure:9987: result: yes
configure:9987: checking for proc_service.h
configure:9987: result: no
configure:9987: checking for thread_db.h
configure:9987: result: yes
configure:9987: checking for gnu/libc-version.h
configure:9987: result: yes
configure:9987: checking for signal.h
configure:9987: result: yes
configure:9987: checking for stddef.h
configure:9987: result: yes
configure:9987: checking for stdlib.h
configure:9987: result: yes
configure:9987: checking for string.h
configure:9987: result: yes
configure:9987: checking for memory.h
configure:9987: result: yes
configure:9987: checking for strings.h
configure:9987: result: yes
configure:9987: checking for sys/fault.h
configure:9987: result: no
configure:9987: checking for sys/file.h
configure:9987: result: yes
configure:9987: checking for sys/filio.h
configure:9987: result: no
configure:9987: checking for sys/ioctl.h
configure:9987: result: yes
configure:9987: checking for sys/param.h
configure:9987: result: yes
configure:9987: checking for sys/resource.h
configure:9987: result: yes
configure:9987: checking for sys/procfs.h
configure:9987: result: yes
configure:9987: checking for sys/ptrace.h
configure:9987: result: yes
configure:9987: checking for ptrace.h
configure:9987: result: no
configure:9987: checking for sys/reg.h
configure:9987: result: yes
configure:9987: checking for sys/debugreg.h
configure:9987: result: yes
configure:9987: checking for sys/select.h
configure:9987: result: yes
configure:9987: checking for sys/syscall.h
configure:9987: result: yes
configure:9987: checking for sys/types.h
configure:9987: result: yes
configure:9987: checking for sys/wait.h
configure:9987: result: yes
configure:9987: checking for wait.h
configure:9987: result: yes
configure:9987: checking for termios.h
configure:9987: result: yes
configure:9987: checking for termio.h
configure:9987: result: yes
configure:9987: checking for sgtty.h
configure:9987: result: yes
configure:9987: checking for unistd.h
configure:9987: result: yes
configure:9987: checking for elf_hp.h
configure:9987: result: no
configure:9987: checking for ctype.h
configure:9987: result: yes
configure:9987: checking for time.h
configure:9987: result: yes
configure:9987: checking for locale.h
configure:9987: result: yes
configure:10000: checking for link.h
configure:10000: result: yes
configure:10019: checking for sys/proc.h
configure:10019: result: no
configure:10035: checking for sys/user.h
configure:10035: result: yes
configure:10064: checking for curses.h
configure:10064: result: yes
configure:10064: checking for cursesX.h
configure:10064: result: no
configure:10064: checking for ncurses.h
configure:10064: result: yes
configure:10064: checking for ncurses/ncurses.h
configure:10064: result: no
configure:10064: checking for ncurses/term.h
configure:10064: result: no
configure:10077: checking for term.h
configure:10077: result: yes
configure:10096: checking whether free is declared
configure:10096: result: yes
configure:10106: checking whether malloc is declared
configure:10106: result: yes
configure:10116: checking whether realloc is declared
configure:10116: result: yes
configure:10126: checking whether strerror is declared
configure:10126: result: yes
configure:10136: checking whether strstr is declared
configure:10136: result: yes
configure:10146: checking whether getopt is declared
configure:10146: result: yes
configure:10156: checking whether snprintf is declared
configure:10156: result: yes
configure:10166: checking whether vsnprintf is declared
configure:10166: result: yes
configure:10178: checking for LC_MESSAGES
configure:10202: result: yes
configure:10215: checking for struct stat.st_blocks
configure:10215: result: yes
configure:10224: checking for struct stat.st_blksize
configure:10224: result: yes
configure:10239: checking return type of signal handlers
configure:10264: result: void
configure:10272: checking for socklen_t
configure:10272: result: yes
configure:10290: checking for an ANSI C-conforming const
configure:10362: result: yes
configure:10370: checking for inline
configure:10394: result: inline
configure:10412: checking whether byte ordering is bigendian
configure:10618: result: no
configure:10643: checking for working alloca.h
configure:10668: result: yes
configure:10676: checking for alloca
configure:10721: result: yes
configure:10834: checking for stdlib.h
configure:10834: result: yes
configure:10834: checking for unistd.h
configure:10834: result: yes
configure:10847: checking for getpagesize
configure:10847: result: yes
configure:10856: checking for working mmap
configure:11003: result: yes
configure:11012: checking for pid_t
configure:11012: result: yes
configure:11025: checking for vfork.h
configure:11025: result: no
configure:11038: checking for fork
configure:11038: result: yes
configure:11038: checking for vfork
configure:11038: result: yes
configure:11049: checking for working fork
configure:11081: result: yes
configure:11102: checking for working vfork
configure:11212: result: yes
configure:11244: checking for canonicalize_file_name
configure:11244: result: yes
configure:11244: checking for realpath
configure:11244: result: yes
configure:11244: checking for getrusage
configure:11244: result: yes
configure:11244: checking for getuid
configure:11244: result: yes
configure:11244: checking for getgid
configure:11244: result: yes
configure:11244: checking for pipe
configure:11244: result: yes
configure:11244: checking for poll
configure:11244: result: yes
configure:11244: checking for pread64
configure:11244: result: yes
configure:11244: checking for sbrk
configure:11244: result: yes
configure:11244: checking for setpgid
configure:11244: result: yes
configure:11244: checking for setpgrp
configure:11244: result: yes
configure:11244: checking for setsid
configure:11244: result: yes
configure:11244: checking for sigaction
configure:11244: result: yes
configure:11244: checking for sigprocmask
configure:11244: result: yes
configure:11244: checking for sigsetmask
configure:11244: result: yes
configure:11244: checking for socketpair
configure:11244: result: yes
configure:11244: checking for syscall
configure:11244: result: yes
configure:11244: checking for ttrace
configure:11244: result: no
configure:11244: checking for wborder
configure:11244: result: yes
configure:11244: checking for setlocale
configure:11244: result: yes
configure:11244: checking for iconvlist
configure:11244: result: no
configure:11244: checking for libiconvlist
configure:11244: result: no
configure:11244: checking for btowc
configure:11244: result: yes
configure:11244: checking for setrlimit
configure:11244: result: yes
configure:11244: checking for getrlimit
configure:11244: result: yes
configure:11255: checking for nl_langinfo and CODESET
configure:11280: result: yes
configure:11303: checking whether ptrace is declared
configure:11303: result: yes
configure:11325: checking return type of ptrace
configure:11364: result: long
configure:11372: checking types of arguments for ptrace
configure:11448: result: int,int,long,long
configure:11468: checking whether setpgrp takes no argument
configure:11500: result: yes
configure:11549: checking for sigsetjmp
configure:11574: result: yes
configure:11587: checking for GNU regex
configure:11613: result: yes
configure:11634: checking for struct thread.td_pcb
configure:11634: result: no
configure:11649: checking for struct lwp
configure:11673: result: no
configure:11682: checking for struct reg in machine/reg.h
configure:11706: result: no
configure:11716: checking for struct reg.r_fs
configure:11716: result: no
configure:11726: checking for struct reg.r_gs
configure:11726: result: no
configure:11739: checking for PTRACE_GETREGS
configure:11763: result: yes
configure:11772: checking for PTRACE_GETFPXREGS
configure:11796: result: yes
configure:11805: checking for PT_GETDBREGS
configure:11830: result: no
configure:11839: checking for PT_GETXMMREGS
configure:11864: result: no
configure:11896: checking for pstatus_t in sys/procfs.h
configure:11930: result: no
configure:11933: checking for prrun_t in sys/procfs.h
configure:11967: result: no
configure:11970: checking for gregset_t in sys/procfs.h
configure:12004: result: no
configure:12007: checking for fpregset_t in sys/procfs.h
configure:12041: result: no
configure:12044: checking for prgregset_t in sys/procfs.h
configure:12078: result: yes
configure:12081: checking for prfpregset_t in sys/procfs.h
configure:12115: result: yes
configure:12118: checking for prgregset32_t in sys/procfs.h
configure:12152: result: no
configure:12155: checking for prfpregset32_t in sys/procfs.h
configure:12189: result: no
configure:12192: checking for lwpid_t in sys/procfs.h
configure:12226: result: yes
configure:12229: checking for psaddr_t in sys/procfs.h
configure:12263: result: yes
configure:12266: checking for prsysent_t in sys/procfs.h
configure:12300: result: no
configure:12303: checking for pr_sigset_t in sys/procfs.h
configure:12337: result: no
configure:12340: checking for pr_sigaction64_t in sys/procfs.h
configure:12374: result: no
configure:12377: checking for pr_siginfo64_t in sys/procfs.h
configure:12411: result: no
configure:12419: checking whether prfpregset_t type is broken
configure:12448: result: no
configure:12458: checking for PIOCSET ioctl entry in sys/procfs.h
configure:12488: result: no
configure:12499: checking for member l_addr in struct link_map
configure:12523: result: yes
configure:12532: checking for member lm_addr in struct link_map
configure:12557: result: no
configure:12566: checking for member som_addr in struct so_map
configure:12594: result: no
configure:12603: checking for struct link_map32 in sys/link.h
configure:12628: result: no
configure:12642: checking for long long support in compiler
configure:12665: result: yes
configure:12675: checking for long long support in printf
configure:12711: result: yes
configure:12721: checking for decfloat support in printf
configure:12755: result: no
configure:12768: checking for long double support in compiler
configure:12784: result: yes
configure:12794: checking for long double support in printf
configure:12826: result: yes
configure:12836: checking for long double support in scanf
configure:12868: result: yes
configure:13120: checking whether <thread_db.h> has TD_NOTALLOC
configure:13145: result: yes
configure:13147: checking whether <thread_db.h> has TD_VERSION
configure:13172: result: yes
configure:13174: checking whether <thread_db.h> has TD_NOTLS
configure:13199: result: yes
configure:13219: checking whether <sys/syscall.h> has __NR_tkill
configure:13244: result: yes
configure:13253: checking whether ADDR_NO_RANDOMIZE is declared
configure:13253: result: yes
configure:13311: gcc -o conftest -g -O2     conftest.c -lncurses -lm     >&5
configure:13311: $? = 0
configure:13311: ./conftest
configure:13311: $? = 0
configure:13479: checking compiler warning flags
configure:13500: gcc -c -g -O2 -Wall   conftest.c >&5
configure:13500: $? = 0
configure:13500: gcc -c -g -O2 -Wdeclaration-after-statement   conftest.c >&5
configure:13500: $? = 0
configure:13500: gcc -c -g -O2 -Wpointer-arith   conftest.c >&5
configure:13500: $? = 0
configure:13500: gcc -c -g -O2 -Wformat-nonliteral   conftest.c >&5
configure:13500: $? = 0
configure:13500: gcc -c -g -O2 -Wno-pointer-sign   conftest.c >&5
configure:13500: $? = 0
configure:13500: gcc -c -g -O2 -Wno-unused   conftest.c >&5
configure:13500: $? = 0
configure:13500: gcc -c -g -O2 -Wunused-value   conftest.c >&5
configure:13500: $? = 0
configure:13500: gcc -c -g -O2 -Wunused-function   conftest.c >&5
configure:13500: $? = 0
configure:13500: gcc -c -g -O2 -Wno-switch   conftest.c >&5
configure:13500: $? = 0
configure:13500: gcc -c -g -O2 -Wno-char-subscripts   conftest.c >&5
configure:13500: $? = 0
configure:13507: result:  -Wall -Wdeclaration-after-statement -Wpointer-arith -Wformat-nonliteral -Wno-pointer-sign -Wno-unused -Wunused-value -Wunused-function -Wno-switch -Wno-char-subscripts 
configure:13514: checking for cygwin
configure:13535: result: no
configure:13576: checking for ELF support in BFD
configure:13603: result: yes
configure:14143: checking for X
configure:14321: result: no
configure:14459: checking whether gdbserver is supported on this host
configure:14462: result: yes
configure:14677: creating ./config.status

## ---------------------- ##
## Running config.status. ##
## ---------------------- ##

This file was extended by config.status, which was
generated by GNU Autoconf 2.64.  Invocation command line was

  CONFIG_FILES    = 
  CONFIG_HEADERS  = 
  CONFIG_LINKS    = 
  CONFIG_COMMANDS = 
  $ ./config.status 

on ubuntu

config.status:1232: creating Makefile
config.status:1232: creating .gdbinit
config.status:1232: creating gnulib/Makefile
config.status:1232: creating config.h
config.status:1409: config.h is unchanged
config.status:1469: linking config/i386/nm-linux.h to nm.h
config.status:1488: executing depdir commands
config.status:1488: executing depfiles commands
config.status:1488: executing default commands
configure:16139: === configuring in doc (/mnt/hgfs/prj/kern_dbg_info/gdb/gdb/doc)
configure:16202: running /bin/bash ./configure --disable-option-checking '--prefix=/mnt/hgfs/prj/kern_dbg_info/gdb/gdb_bin'  '--with-system-zlib' '--program-transform-name=s,y,y,' '--build=i686-pc-linux-gnu' '--host=i686-pc-linux-gnu' '--target=i686-pc-linux-gnu' 'build_alias=i686-pc-linux-gnu' 'host_alias=i686-pc-linux-gnu' 'target_alias=i686-pc-linux-gnu' 'CC=gcc' 'CFLAGS=-g -O2' 'LDFLAGS= ' 'YACC=/mnt/hgfs/prj/kern_dbg_info/gdb/missing bison -y' --cache-file=.././config.cache --srcdir=.
configure:16139: === configuring in testsuite (/mnt/hgfs/prj/kern_dbg_info/gdb/gdb/testsuite)
configure:16202: running /bin/bash ./configure --disable-option-checking '--prefix=/mnt/hgfs/prj/kern_dbg_info/gdb/gdb_bin'  '--with-system-zlib' '--program-transform-name=s,y,y,' '--build=i686-pc-linux-gnu' '--host=i686-pc-linux-gnu' '--target=i686-pc-linux-gnu' 'build_alias=i686-pc-linux-gnu' 'host_alias=i686-pc-linux-gnu' 'target_alias=i686-pc-linux-gnu' 'CC=gcc' 'CFLAGS=-g -O2' 'LDFLAGS= ' 'YACC=/mnt/hgfs/prj/kern_dbg_info/gdb/missing bison -y' --cache-file=.././config.cache --srcdir=.
configure:16139: === configuring in gdbserver (/mnt/hgfs/prj/kern_dbg_info/gdb/gdb/gdbserver)
configure:16202: running /bin/bash ./configure --disable-option-checking '--prefix=/mnt/hgfs/prj/kern_dbg_info/gdb/gdb_bin'  '--with-system-zlib' '--program-transform-name=s,y,y,' '--build=i686-pc-linux-gnu' '--host=i686-pc-linux-gnu' '--target=i686-pc-linux-gnu' 'build_alias=i686-pc-linux-gnu' 'host_alias=i686-pc-linux-gnu' 'target_alias=i686-pc-linux-gnu' 'CC=gcc' 'CFLAGS=-g -O2' 'LDFLAGS= ' 'YACC=/mnt/hgfs/prj/kern_dbg_info/gdb/missing bison -y' --cache-file=.././config.cache --srcdir=.

## ---------------- ##
## Cache variables. ##
## ---------------- ##

ac_cv_build=i686-pc-linux-gnu
ac_cv_c_bigendian=no
ac_cv_c_compiler_gnu=yes
ac_cv_c_const=yes
ac_cv_c_inline=inline
ac_cv_c_restrict=__restrict
ac_cv_env_CC_set=set
ac_cv_env_CC_value=gcc
ac_cv_env_CFLAGS_set=set
ac_cv_env_CFLAGS_value='-g -O2'
ac_cv_env_CPPFLAGS_set=
ac_cv_env_CPPFLAGS_value=
ac_cv_env_CPP_set=
ac_cv_env_CPP_value=
ac_cv_env_LDFLAGS_set=set
ac_cv_env_LDFLAGS_value=' '
ac_cv_env_LIBS_set=
ac_cv_env_LIBS_value=
ac_cv_env_XMKMF_set=
ac_cv_env_XMKMF_value=
ac_cv_env_YACC_set=set
ac_cv_env_YACC_value='/mnt/hgfs/prj/kern_dbg_info/gdb/missing bison -y'
ac_cv_env_YFLAGS_set=
ac_cv_env_YFLAGS_value=
ac_cv_env_build_alias_set=set
ac_cv_env_build_alias_value=i686-pc-linux-gnu
ac_cv_env_host_alias_set=set
ac_cv_env_host_alias_value=i686-pc-linux-gnu
ac_cv_env_target_alias_set=set
ac_cv_env_target_alias_value=i686-pc-linux-gnu
ac_cv_func__mcleanup=yes
ac_cv_func_alloca_works=yes
ac_cv_func_btowc=yes
ac_cv_func_canonicalize_file_name=yes
ac_cv_func_dladdr=yes
ac_cv_func_fork=yes
ac_cv_func_fork_works=yes
ac_cv_func_getgid=yes
ac_cv_func_getpagesize=yes
ac_cv_func_getrlimit=yes
ac_cv_func_getrusage=yes
ac_cv_func_getuid=yes
ac_cv_func_iconvlist=no
ac_cv_func_libiconvlist=no
ac_cv_func_memchr=yes
ac_cv_func_memcmp_working=yes
ac_cv_func_memmem=yes
ac_cv_func_mmap_fixed_mapped=yes
ac_cv_func_monstartup=yes
ac_cv_func_pipe=yes
ac_cv_func_poll=yes
ac_cv_func_pread64=yes
ac_cv_func_pread=yes
ac_cv_func_pwrite=yes
ac_cv_func_realpath=yes
ac_cv_func_sbrk=yes
ac_cv_func_setlocale=yes
ac_cv_func_setpgid=yes
ac_cv_func_setpgrp=yes
ac_cv_func_setpgrp_void=yes
ac_cv_func_setrlimit=yes
ac_cv_func_setsid=yes
ac_cv_func_sigaction=yes
ac_cv_func_sigprocmask=yes
ac_cv_func_sigsetmask=yes
ac_cv_func_socketpair=yes
ac_cv_func_syscall=yes
ac_cv_func_ttrace=no
ac_cv_func_vfork=yes
ac_cv_func_vfork_works=yes
ac_cv_func_wborder=yes
ac_cv_func_wctype=yes
ac_cv_have_decl_ADDR_NO_RANDOMIZE=yes
ac_cv_have_decl_free=yes
ac_cv_have_decl_getopt=yes
ac_cv_have_decl_malloc=yes
ac_cv_have_decl_memmem=yes
ac_cv_have_decl_perror=yes
ac_cv_have_decl_ptrace=yes
ac_cv_have_decl_realloc=yes
ac_cv_have_decl_snprintf=yes
ac_cv_have_decl_strerror=yes
ac_cv_have_decl_strstr=yes
ac_cv_have_decl_vsnprintf=yes
ac_cv_have_x=have_x=no
ac_cv_header_arpa_inet_h=yes
ac_cv_header_ctype_h=yes
ac_cv_header_cursesX_h=no
ac_cv_header_curses_h=yes
ac_cv_header_dirent_dirent_h=yes
ac_cv_header_elf_hp_h=no
ac_cv_header_errno_h=yes
ac_cv_header_fcntl_h=yes
ac_cv_header_gnu_libc_version_h=yes
ac_cv_header_inttypes_h=yes
ac_cv_header_libunwind_h=no
ac_cv_header_libunwind_ia64_h=no
ac_cv_header_link_h=yes
ac_cv_header_linux_elf_h=yes
ac_cv_header_locale_h=yes
ac_cv_header_machine_reg_h=no
ac_cv_header_malloc_h=yes
ac_cv_header_memory_h=yes
ac_cv_header_minix_config_h=no
ac_cv_header_ncurses_h=yes
ac_cv_header_ncurses_ncurses_h=no
ac_cv_header_ncurses_term_h=no
ac_cv_header_netdb_h=yes
ac_cv_header_netinet_in_h=yes
ac_cv_header_netinet_tcp_h=yes
ac_cv_header_nlist_h=no
ac_cv_header_poll_h=yes
ac_cv_header_proc_service_h=no
ac_cv_header_pthread_h=yes
ac_cv_header_ptrace_h=no
ac_cv_header_sgtty_h=yes
ac_cv_header_signal_h=yes
ac_cv_header_stat_broken=no
ac_cv_header_stdc=yes
ac_cv_header_stddef_h=yes
ac_cv_header_stdint_h=yes
ac_cv_header_stdlib_h=yes
ac_cv_header_string_h=yes
ac_cv_header_strings_h=yes
ac_cv_header_sys_debugreg_h=yes
ac_cv_header_sys_fault_h=no
ac_cv_header_sys_file_h=yes
ac_cv_header_sys_filio_h=no
ac_cv_header_sys_ioctl_h=yes
ac_cv_header_sys_param_h=yes
ac_cv_header_sys_poll_h=yes
ac_cv_header_sys_proc_h=no
ac_cv_header_sys_procfs_h=yes
ac_cv_header_sys_ptrace_h=yes
ac_cv_header_sys_reg_h=yes
ac_cv_header_sys_resource_h=yes
ac_cv_header_sys_select_h=yes
ac_cv_header_sys_socket_h=yes
ac_cv_header_sys_stat_h=yes
ac_cv_header_sys_syscall_h=yes
ac_cv_header_sys_types_h=yes
ac_cv_header_sys_user_h=yes
ac_cv_header_sys_wait_h=yes
ac_cv_header_term_h=yes
ac_cv_header_termio_h=yes
ac_cv_header_termios_h=yes
ac_cv_header_thread_db_h=yes
ac_cv_header_time_h=yes
ac_cv_header_unistd_h=yes
ac_cv_header_vfork_h=no
ac_cv_header_wait_h=yes
ac_cv_header_wchar_h=yes
ac_cv_host=i686-pc-linux-gnu
ac_cv_lib_m_main=yes
ac_cv_libexpat=no
ac_cv_member_struct_reg_r_fs=no
ac_cv_member_struct_reg_r_gs=no
ac_cv_member_struct_stat_st_blksize=yes
ac_cv_member_struct_stat_st_blocks=yes
ac_cv_member_struct_thread_td_pcb=no
ac_cv_objext=o
ac_cv_path_EGREP='/bin/grep -E'
ac_cv_path_GREP=/bin/grep
ac_cv_path_mkdir=/bin/mkdir
ac_cv_prog_AR=ar
ac_cv_prog_AWK=mawk
ac_cv_prog_CC=gcc
ac_cv_prog_CPP='gcc -E'
ac_cv_prog_DLLTOOL=dlltool
ac_cv_prog_MAKE=make
ac_cv_prog_RANLIB=ranlib
ac_cv_prog_WINDRES=windres
ac_cv_prog_YACC='/mnt/hgfs/prj/kern_dbg_info/gdb/missing bison -y'
ac_cv_prog_cc_c89=
ac_cv_prog_cc_g=yes
ac_cv_prog_make_make_set=yes
ac_cv_safe_to_define___extensions__=yes
ac_cv_search_dlgetmodinfo=no
ac_cv_search_gethostbyname='none required'
ac_cv_search_opendir='none required'
ac_cv_search_socketpair='none required'
ac_cv_search_tgetent='none required'
ac_cv_search_waddstr=-lncurses
ac_cv_search_zlibVersion=no
ac_cv_sys_file_offset_bits=64
ac_cv_sys_largefile_CC=no
ac_cv_target=i686-pc-linux-gnu
ac_cv_type_long_long_int=yes
ac_cv_type_pid_t=yes
ac_cv_type_signal=void
ac_cv_type_socklen_t=yes
ac_cv_type_unsigned_long_long_int=yes
ac_cv_var__etext=yes
ac_cv_var_etext=yes
ac_cv_working_alloca_h=yes
acl_cv_hardcode_direct=no
acl_cv_hardcode_libdir_flag_spec='${wl}-rpath ${wl}$libdir'
acl_cv_hardcode_libdir_separator=
acl_cv_hardcode_minus_L=no
acl_cv_libext=a
acl_cv_path_LD=ld
acl_cv_prog_gnu_ld=yes
acl_cv_rpath=done
acl_cv_shlibext=so
acl_cv_wl=-Wl,
am_cv_CC_dependencies_compiler_type=gcc3
am_cv_build_libiconv_path=
am_cv_func_iconv=yes
am_cv_langinfo_codeset=yes
am_cv_lib_iconv=no
am_cv_prog_cc_stdc=
am_cv_proto_iconv='extern size_t iconv (iconv_t cd, char * *inbuf, size_t *inbytesleft, char * *outbuf, size_t *outbytesleft);'
am_cv_proto_iconv_arg1=
am_cv_use_build_libiconv=no
am_cv_val_LC_MESSAGES=yes
bfd_cv_have_sys_procfs_type_elf_fpregset_t=yes
bfd_cv_have_sys_procfs_type_fpregset_t=no
bfd_cv_have_sys_procfs_type_gregset_t=no
bfd_cv_have_sys_procfs_type_lwpid_t=yes
bfd_cv_have_sys_procfs_type_pr_sigaction64_t=no
bfd_cv_have_sys_procfs_type_pr_siginfo64_t=no
bfd_cv_have_sys_procfs_type_pr_sigset_t=no
bfd_cv_have_sys_procfs_type_prfpregset32_t=no
bfd_cv_have_sys_procfs_type_prfpregset_t=yes
bfd_cv_have_sys_procfs_type_prgregset32_t=no
bfd_cv_have_sys_procfs_type_prgregset_t=yes
bfd_cv_have_sys_procfs_type_prrun_t=no
bfd_cv_have_sys_procfs_type_prsysent_t=no
bfd_cv_have_sys_procfs_type_psaddr_t=yes
bfd_cv_have_sys_procfs_type_pstatus_t=no
gdb_cv_c_long_double=yes
gdb_cv_c_long_long=yes
gdb_cv_func_ptrace_args=int,int,long,long
gdb_cv_func_ptrace_ret=long
gdb_cv_func_sigsetjmp=yes
gdb_cv_have_gnu_regex=yes
gdb_cv_have_procfs_piocset=no
gdb_cv_have_pt_getdbregs=no
gdb_cv_have_pt_getxmmregs=no
gdb_cv_have_ptrace_getfpxregs=yes
gdb_cv_have_ptrace_getregs=yes
gdb_cv_have_struct_link_map32=no
gdb_cv_have_struct_link_map_with_l_members=yes
gdb_cv_have_struct_link_map_with_lm_members=no
gdb_cv_have_struct_so_map_with_som_members=no
gdb_cv_i386_is_x86_64=no
gdb_cv_os_cygwin=no
gdb_cv_prfpregset_t_broken=no
gdb_cv_printf_has_decfloat=no
gdb_cv_printf_has_long_double=yes
gdb_cv_printf_has_long_long=yes
gdb_cv_scanf_has_long_double=yes
gdb_cv_struct_lwp=no
gdb_cv_struct_reg=no
gdb_cv_sys_syscall_h_has_tkill=yes
gdb_cv_thread_db_h_has_td_notalloc=yes
gdb_cv_thread_db_h_has_td_notls=yes
gdb_cv_thread_db_h_has_td_version=yes
gdb_cv_var_elf=yes
gdbsrv_cv_have_ptrace_getfpxregs=yes
gdbsrv_cv_have_ptrace_getregs=yes
gdbsrv_cv_have_td_version=yes
gl_cv_func_memmem_works=yes
gl_cv_have_include_next=yes
gl_cv_header_wchar_h_standalone=yes
gl_cv_header_working_stdint_h=yes
gl_cv_next_stdint_h='<stdint.h>'
gl_cv_next_string_h='<string.h>'
gl_cv_next_wchar_h='<wchar.h>'

## ----------------- ##
## Output variables. ##
## ----------------- ##

ACLOCAL='${SHELL} /mnt/hgfs/prj/kern_dbg_info/gdb/missing --run aclocal-1.11'
ALLOCA=''
AMDEPBACKSLASH='\'
AMDEP_FALSE='#'
AMDEP_TRUE=''
AMTAR='${SHELL} /mnt/hgfs/prj/kern_dbg_info/gdb/missing --run tar'
AR='ar'
AUTOCONF='${SHELL} /mnt/hgfs/prj/kern_dbg_info/gdb/missing --run autoconf'
AUTOHEADER='${SHELL} /mnt/hgfs/prj/kern_dbg_info/gdb/missing --run autoheader'
AUTOMAKE='${SHELL} /mnt/hgfs/prj/kern_dbg_info/gdb/missing --run automake-1.11'
AWK='mawk'
BITSIZEOF_PTRDIFF_T=''
BITSIZEOF_SIG_ATOMIC_T=''
BITSIZEOF_SIZE_T=''
BITSIZEOF_WCHAR_T=''
BITSIZEOF_WINT_T=''
CATALOGS=''
CATOBJEXT='.gmo'
CC='gcc'
CCDEPMODE='depmode=gcc3'
CFLAGS='-g -O2'
CONFIG_ALL=' all-po all-tui'
CONFIG_CLEAN=' clean-po clean-tui'
CONFIG_DEPS=' $(SUBDIR_CLI_DEPS) $(SUBDIR_MI_DEPS) $(SUBDIR_TUI_DEPS)'
CONFIG_INSTALL=' install-po install-tui'
CONFIG_LDFLAGS=''
CONFIG_OBS=' $(SUBDIR_CLI_OBS) $(SUBDIR_MI_OBS) $(SUBDIR_TUI_OBS) python.o py-value.o py-prettyprint.o elfread.o posix-hdep.o'
CONFIG_SRCS=' $(SUBDIR_CLI_SRCS) $(SUBDIR_MI_SRCS) $(SUBDIR_TUI_SRCS) python/python.c python/py-value.c python/py-prettyprint.c'
CONFIG_UNINSTALL=' uninstall-po uninstall-tui'
CPP='gcc -E'
CPPFLAGS=' '
CYGPATH_W='echo'
DATADIRNAME='share'
DEBUGDIR='${exec_prefix}/lib/debug'
DEFS='-DHAVE_CONFIG_H'
DEPDIR='.deps'
DLLTOOL='dlltool'
ECHO_C=''
ECHO_N='-n'
ECHO_T=''
EGREP='/bin/grep -E'
ENABLE_CFLAGS=' $(SUBDIR_CLI_CFLAGS) $(SUBDIR_MI_CFLAGS) $(SUBDIR_TUI_CFLAGS)'
EXEEXT=''
GDBTKLIBS=''
GDBTK_CFLAGS=''
GDBTK_SRC_DIR=''
GDB_DATADIR='${datarootdir}/gdb'
GDB_NM_FILE='config/i386/nm-linux.h'
GENCAT='gencat'
GL_COND_LIBTOOL_FALSE=''
GL_COND_LIBTOOL_TRUE='#'
GMAKE_FALSE='#'
GMAKE_TRUE=''
GMSGFMT=':'
GNULIB_MBSCASECMP='0'
GNULIB_MBSCASESTR='0'
GNULIB_MBSCHR='0'
GNULIB_MBSCSPN='0'
GNULIB_MBSLEN='0'
GNULIB_MBSNCASECMP='0'
GNULIB_MBSNLEN='0'
GNULIB_MBSPBRK='0'
GNULIB_MBSPCASECMP='0'
GNULIB_MBSRCHR='0'
GNULIB_MBSSEP='0'
GNULIB_MBSSPN='0'
GNULIB_MBSSTR='0'
GNULIB_MBSTOK_R='0'
GNULIB_MEMMEM='1'
GNULIB_MEMPCPY='0'
GNULIB_MEMRCHR='0'
GNULIB_STDINT_H=''
GNULIB_STPCPY='0'
GNULIB_STPNCPY='0'
GNULIB_STRCASESTR='0'
GNULIB_STRCHRNUL='0'
GNULIB_STRDUP='0'
GNULIB_STRERROR='0'
GNULIB_STRNDUP='0'
GNULIB_STRNLEN='0'
GNULIB_STRPBRK='0'
GNULIB_STRSEP='0'
GNULIB_STRSIGNAL='0'
GNULIB_STRSTR='0'
GNULIB_STRTOK_R='0'
GNULIB_WCWIDTH='0'
GREP='/bin/grep'
GUI_CFLAGS_X='-I./../libgui/src'
HAVE_DECL_MEMMEM='1'
HAVE_DECL_MEMRCHR='1'
HAVE_DECL_STRDUP='1'
HAVE_DECL_STRERROR='1'
HAVE_DECL_STRNDUP='1'
HAVE_DECL_STRNLEN='1'
HAVE_DECL_STRSIGNAL='1'
HAVE_DECL_STRTOK_R='1'
HAVE_DECL_WCWIDTH='1'
HAVE_INTTYPES_H='1'
HAVE_LIBEXPAT='no'
HAVE_LONG_LONG_INT='1'
HAVE_MEMPCPY='1'
HAVE_SIGNED_SIG_ATOMIC_T=''
HAVE_SIGNED_WCHAR_T=''
HAVE_SIGNED_WINT_T=''
HAVE_STDINT_H='1'
HAVE_STPCPY='1'
HAVE_STPNCPY='1'
HAVE_STRCASESTR='1'
HAVE_STRCHRNUL='1'
HAVE_STRNDUP='1'
HAVE_STRPBRK='1'
HAVE_STRSEP='1'
HAVE_SYS_BITYPES_H=''
HAVE_SYS_INTTYPES_H=''
HAVE_SYS_TYPES_H='1'
HAVE_UNSIGNED_LONG_LONG_INT='1'
HAVE_WCHAR_H='1'
INCINTL=''
INCLUDE_NEXT='include_next'
INSTALL_DATA='/usr/bin/install -c -m 644'
INSTALL_PROGRAM='/usr/bin/install -c'
INSTALL_SCRIPT='/usr/bin/install -c'
INSTALL_STRIP_PROGRAM='$(install_sh) -c -s'
INSTOBJEXT='.mo'
LDFLAGS=' '
LIBEXPAT=''
LIBGNU_LIBDEPS=''
LIBGNU_LTLIBDEPS=''
LIBGUI='../libgui/src/libgui.a'
LIBINTL=''
LIBINTL_DEP=''
LIBOBJS=''
LIBS='-lncurses -lm    '
LN_S='ln -s'
LTLIBEXPAT=''
LTLIBOBJS=''
MAINT='#'
MAINTAINER_MODE_FALSE=''
MAINTAINER_MODE_TRUE='#'
MAKE='make'
MAKEINFO='makeinfo --split-size=5000000'
MIG=''
MKDIR_P='/bin/mkdir -p'
NEXT_STDINT_H='<stdint.h>'
NEXT_STRING_H='<string.h>'
NEXT_WCHAR_H='<wchar.h>'
OBJEXT='o'
PACKAGE='gdb'
PACKAGE_BUGREPORT=''
PACKAGE_NAME=''
PACKAGE_STRING=''
PACKAGE_TARNAME=''
PACKAGE_URL=''
PACKAGE_VERSION=''
PATH_SEPARATOR=':'
PKGVERSION='(GDB) '
POSUB='po'
PROFILE_CFLAGS=''
PTRDIFF_T_SUFFIX=''
PYTHON_CFLAGS=''
RANLIB='ranlib'
READLINE='$(READLINE_DIR)/libreadline.a'
READLINE_CFLAGS='-I$(READLINE_SRC)/..'
READLINE_DEPS='$(READLINE)'
REPLACE_MEMMEM='0'
REPLACE_STRCASESTR='0'
REPLACE_STRERROR='0'
REPLACE_STRSIGNAL='0'
REPLACE_STRSTR='0'
REPLACE_WCWIDTH='0'
REPORT_BUGS_TEXI='@uref{http://www.gnu.org/software/gdb/bugs/}'
REPORT_BUGS_TO='<http://www.gnu.org/software/gdb/bugs/>'
SER_HARDWIRE='ser-base.o ser-unix.o ser-pipe.o ser-tcp.o'
SET_MAKE=''
SHELL='/bin/bash'
SIG_ATOMIC_T_SUFFIX=''
SIM=''
SIM_OBS=''
SIZE_T_SUFFIX=''
STDINT_H=''
STRIP=''
SYSTEM_GDBINIT=''
TARGET_OBS=' i386-tdep.o i386-linux-tdep.o glibc-tdep.o i387-tdep.o solib.o solib-svr4.o symfile-mem.o corelow.o linux-tdep.o linux-record.o'
TARGET_SYSTEM_ROOT=''
TARGET_SYSTEM_ROOT_DEFINE='-DTARGET_SYSTEM_ROOT=\"\" -DTARGET_SYSTEM_ROOT_RELOCATABLE=0'
TCL_BIN_DIR=''
TCL_DEPS=''
TCL_INCLUDE=''
TCL_LIBRARY=''
TCL_LIB_FILE=''
TCL_LIB_FLAG=''
TCL_LIB_SPEC=''
TCL_PATCH_LEVEL=''
TCL_SRC_DIR=''
TCL_STUB_LIB_FILE=''
TCL_STUB_LIB_FLAG=''
TCL_STUB_LIB_SPEC=''
TCL_VERSION=''
TK_BIN_DIR=''
TK_DEPS=''
TK_INCLUDE=''
TK_LIBRARY=''
TK_LIB_FILE=''
TK_LIB_FLAG=''
TK_LIB_SPEC=''
TK_SRC_DIR=''
TK_STUB_LIB_FILE=''
TK_STUB_LIB_FLAG=''
TK_STUB_LIB_SPEC=''
TK_VERSION=''
TK_XINCLUDES=''
USE_NLS='yes'
VERSION='UNUSED-VERSION'
WARN_CFLAGS=' -Wall -Wdeclaration-after-statement -Wpointer-arith -Wformat-nonliteral -Wno-pointer-sign -Wno-unused -Wunused-value -Wunused-function -Wno-switch -Wno-char-subscripts'
WCHAR_H=''
WCHAR_T_SUFFIX=''
WERROR_CFLAGS=''
WIN32LDAPP=''
WIN32LIBS=''
WINDRES='windres'
WINT_T_SUFFIX=''
XGETTEXT=':'
XMKMF=''
X_CFLAGS=''
X_LDFLAGS=''
X_LIBS=''
YACC='/mnt/hgfs/prj/kern_dbg_info/gdb/missing bison -y'
YFLAGS=''
ac_ct_CC=''
am__EXEEXT_FALSE=''
am__EXEEXT_TRUE='#'
am__fastdepCC_FALSE='#'
am__fastdepCC_TRUE=''
am__include='include'
am__isrc=''
am__leading_dot='.'
am__quote=''
am__tar='${AMTAR} chof - "$$tardir"'
am__untar='${AMTAR} xf -'
bindir='${exec_prefix}/bin'
build='i686-pc-linux-gnu'
build_alias='i686-pc-linux-gnu'
build_cpu='i686'
build_os='linux-gnu'
build_vendor='pc'
datadir='${datarootdir}'
datarootdir='${prefix}/share'
docdir='${datarootdir}/doc/${PACKAGE}'
dvidir='${docdir}'
exec_prefix='${prefix}'
frags=' ./config/i386/linux.mh'
gl_LIBOBJS=''
gl_LTLIBOBJS=''
gltests_LIBOBJS=''
gltests_LTLIBOBJS=''
host='i686-pc-linux-gnu'
host_alias='i686-pc-linux-gnu'
host_cpu='i686'
host_os='linux-gnu'
host_vendor='pc'
htmldir='${docdir}'
includedir='${prefix}/include'
infodir='${datarootdir}/info'
install_sh='${SHELL} /mnt/hgfs/prj/kern_dbg_info/gdb/install-sh'
libdir='${exec_prefix}/lib'
libexecdir='${exec_prefix}/libexec'
localedir='${datadir}/locale'
localstatedir='${prefix}/var'
mandir='${datarootdir}/man'
mkdir_p='/bin/mkdir -p'
oldincludedir='/usr/include'
pdfdir='${docdir}'
prefix='/mnt/hgfs/prj/kern_dbg_info/gdb/gdb_bin'
program_transform_name='s,y,y,'
psdir='${docdir}'
sbindir='${exec_prefix}/sbin'
sharedstatedir='${prefix}/com'
subdirs=' doc testsuite gdbserver'
sysconfdir='${prefix}/etc'
target='i686-pc-linux-gnu'
target_alias='i686-pc-linux-gnu'
target_cpu='i686'
target_os='linux-gnu'
target_subdir=''
target_vendor='pc'

## ------------------- ##
## File substitutions. ##
## ------------------- ##

host_makefile_frag='./config/i386/linux.mh'

## ----------- ##
## confdefs.h. ##
## ----------- ##

/* confdefs.h */
#define PACKAGE_NAME ""
#define PACKAGE_TARNAME ""
#define PACKAGE_VERSION ""
#define PACKAGE_STRING ""
#define PACKAGE_BUGREPORT ""
#define PACKAGE_URL ""
#define STDC_HEADERS 1
#define HAVE_SYS_TYPES_H 1
#define HAVE_SYS_STAT_H 1
#define HAVE_STDLIB_H 1
#define HAVE_STRING_H 1
#define HAVE_MEMORY_H 1
#define HAVE_STRINGS_H 1
#define HAVE_INTTYPES_H 1
#define HAVE_STDINT_H 1
#define HAVE_UNISTD_H 1
#define __EXTENSIONS__ 1
#define _ALL_SOURCE 1
#define _GNU_SOURCE 1
#define _POSIX_PTHREAD_SEMANTICS 1
#define _TANDEM_SOURCE 1
#define _FILE_OFFSET_BITS 64
#define ENABLE_NLS 1
#define HAVE_DECL_MEMMEM 1
#define HAVE_MEMMEM 1
#define HAVE_LONG_LONG_INT 1
#define HAVE_UNSIGNED_LONG_LONG_INT 1
#define HAVE_INCLUDE_NEXT 1
#define HAVE_STDINT_H 1
#define HAVE_WCHAR_H 1
#define HAVE_STRING_H 1
#define restrict __restrict
#define HAVE_MEMCHR 1
#define HAVE_MEMMEM 1
#define PACKAGE "gdb"
#define DEBUGDIR "/mnt/hgfs/prj/kern_dbg_info/gdb/gdb_bin/lib/debug"
#define DEBUGDIR_RELOCATABLE 1
#define GDB_DATADIR "/mnt/hgfs/prj/kern_dbg_info/gdb/gdb_bin/share/gdb"
#define GDB_DATADIR_RELOCATABLE 1
#define DEFAULT_BFD_ARCH bfd_i386_arch
#define DEFAULT_BFD_VEC bfd_elf32_i386_vec
#define HAVE_MONSTARTUP 1
#define HAVE__MCLEANUP 1
#define HAVE__ETEXT 1
#define HAVE_ETEXT 1
#define PKGVERSION "(GDB) "
#define REPORT_BUGS_TO "<http://www.gnu.org/software/gdb/bugs/>"
#define HAVE_LIBM 1
#define HAVE_ICONV 1
#define ICONV_CONST 
#define HAVE_DIRENT_H 1
#define STDC_HEADERS 1
#define HAVE_POLL_H 1
#define HAVE_SYS_POLL_H 1
#define HAVE_THREAD_DB_H 1
#define HAVE_GNU_LIBC_VERSION_H 1
#define HAVE_SIGNAL_H 1
#define HAVE_STDDEF_H 1
#define HAVE_STDLIB_H 1
#define HAVE_STRING_H 1
#define HAVE_MEMORY_H 1
#define HAVE_STRINGS_H 1
#define HAVE_SYS_FILE_H 1
#define HAVE_SYS_IOCTL_H 1
#define HAVE_SYS_PARAM_H 1
#define HAVE_SYS_RESOURCE_H 1
#define HAVE_SYS_PROCFS_H 1
#define HAVE_SYS_PTRACE_H 1
#define HAVE_SYS_REG_H 1
#define HAVE_SYS_DEBUGREG_H 1
#define HAVE_SYS_SELECT_H 1
#define HAVE_SYS_SYSCALL_H 1
#define HAVE_SYS_TYPES_H 1
#define HAVE_SYS_WAIT_H 1
#define HAVE_WAIT_H 1
#define HAVE_TERMIOS_H 1
#define HAVE_TERMIO_H 1
#define HAVE_SGTTY_H 1
#define HAVE_UNISTD_H 1
#define HAVE_CTYPE_H 1
#define HAVE_TIME_H 1
#define HAVE_LOCALE_H 1
#define HAVE_LINK_H 1
#define HAVE_SYS_USER_H 1
#define HAVE_CURSES_H 1
#define HAVE_NCURSES_H 1
#define HAVE_TERM_H 1
#define HAVE_DECL_FREE 1
#define HAVE_DECL_MALLOC 1
#define HAVE_DECL_REALLOC 1
#define HAVE_DECL_STRERROR 1
#define HAVE_DECL_STRSTR 1
#define HAVE_DECL_GETOPT 1
#define HAVE_DECL_SNPRINTF 1
#define HAVE_DECL_VSNPRINTF 1
#define HAVE_LC_MESSAGES 1
#define HAVE_STRUCT_STAT_ST_BLOCKS 1
#define HAVE_STRUCT_STAT_ST_BLKSIZE 1
#define RETSIGTYPE void
#define HAVE_SOCKLEN_T 1
#define HAVE_ALLOCA_H 1
#define HAVE_ALLOCA 1
#define HAVE_STDLIB_H 1
#define HAVE_UNISTD_H 1
#define HAVE_GETPAGESIZE 1
#define HAVE_MMAP 1
#define HAVE_FORK 1
#define HAVE_VFORK 1
#define HAVE_WORKING_VFORK 1
#define HAVE_WORKING_FORK 1
#define HAVE_CANONICALIZE_FILE_NAME 1
#define HAVE_REALPATH 1
#define HAVE_GETRUSAGE 1
#define HAVE_GETUID 1
#define HAVE_GETGID 1
#define HAVE_PIPE 1
#define HAVE_POLL 1
#define HAVE_PREAD64 1
#define HAVE_SBRK 1
#define HAVE_SETPGID 1
#define HAVE_SETPGRP 1
#define HAVE_SETSID 1
#define HAVE_SIGACTION 1
#define HAVE_SIGPROCMASK 1
#define HAVE_SIGSETMASK 1
#define HAVE_SOCKETPAIR 1
#define HAVE_SYSCALL 1
#define HAVE_WBORDER 1
#define HAVE_SETLOCALE 1
#define HAVE_BTOWC 1
#define HAVE_SETRLIMIT 1
#define HAVE_GETRLIMIT 1
#define HAVE_LANGINFO_CODESET 1
#define HAVE_DECL_PTRACE 1
#define PTRACE_TYPE_RET long
#define PTRACE_TYPE_ARG3 long
#define SETPGRP_VOID 1
#define HAVE_SIGSETJMP 1
#define HAVE_PTRACE_GETREGS 1
#define HAVE_PTRACE_GETFPXREGS 1
#define HAVE_PRGREGSET_T 1
#define HAVE_PRFPREGSET_T 1
#define HAVE_LWPID_T 1
#define HAVE_PSADDR_T 1
#define HAVE_STRUCT_LINK_MAP_WITH_L_MEMBERS 1
#define CC_HAS_LONG_LONG 1
#define PRINTF_HAS_LONG_LONG 1
#define HAVE_LONG_DOUBLE 1
#define PRINTF_HAS_LONG_DOUBLE 1
#define SCANF_HAS_LONG_DOUBLE 1
#define THREAD_DB_HAS_TD_NOTALLOC 1
#define THREAD_DB_HAS_TD_VERSION 1
#define THREAD_DB_HAS_TD_NOTLS 1
#define HAVE_TKILL_SYSCALL 1
#define HAVE_DECL_ADDR_NO_RANDOMIZE 1
#define HAVE_PERSONALITY 1
#define SYSTEM_GDBINIT ""
#define SYSTEM_GDBINIT_RELOCATABLE 0
#define HAVE_ELF 1
#define GDB_HOST_FLOAT_FORMAT &floatformat_ieee_single_little
#define GDB_HOST_DOUBLE_FORMAT &floatformat_ieee_double_little
#define GDB_HOST_LONG_DOUBLE_FORMAT &floatformat_i387_ext
#define GDB_OSABI_DEFAULT GDB_OSABI_LINUX
#define GDB_NM_FILE "config/i386/nm-linux.h"
#define GDB_DEFAULT_HOST_CHARSET "UTF-8"

configure: exit 0

## ---------------------- ##
## Running config.status. ##
## ---------------------- ##

This file was extended by config.status, which was
generated by GNU Autoconf 2.64.  Invocation command line was

  CONFIG_FILES    = 
  CONFIG_HEADERS  = config.h:config.in
  CONFIG_LINKS    = 
  CONFIG_COMMANDS = default depdir
  $ config.status 

on ubuntu

config.status:1232: creating config.h
config.status:1409: config.h is unchanged
config.status:1488: executing default commands
config.status:1488: executing depdir commands
