This file contains any messages produced by compilers while
running configure, to aid debugging if configure makes a mistake.

It was created by configure, which was
generated by GNU Autoconf 2.64.  Invocation command line was

  $ ./configure --disable-option-checking --prefix=/mnt/hgfs/prj/kern_dbg_info/gdb/gdb_bin --with-system-zlib --program-transform-name=s,y,y, --build=i686-pc-linux-gnu --host=i686-pc-linux-gnu --target=i686-pc-linux-gnu build_alias=i686-pc-linux-gnu host_alias=i686-pc-linux-gnu target_alias=i686-pc-linux-gnu CC=gcc CFLAGS=-g -O2 LDFLAGS=  YACC=/mnt/hgfs/prj/kern_dbg_info/gdb/missing bison -y --cache-file=.././config.cache --srcdir=.

## --------- ##
## Platform. ##
## --------- ##

hostname = ubuntu
uname -m = i686
uname -r = 2.6.38.8
uname -s = Linux
uname -v = #0 SMP Thu Oct 27 12:20:47 PDT 2011

/usr/bin/uname -p = unknown
/bin/uname -X     = unknown

/bin/arch              = unknown
/usr/bin/arch -k       = unknown
/usr/convex/getsysinfo = unknown
/usr/bin/hostinfo      = unknown
/bin/machine           = unknown
/usr/bin/oslevel       = unknown
/bin/universe          = unknown

PATH: /usr/local/sbin
PATH: /usr/local/bin
PATH: /usr/sbin
PATH: /usr/bin
PATH: /sbin
PATH: /bin
PATH: /usr/games


## ----------- ##
## Core tests. ##
## ----------- ##

configure:2104: loading cache .././config.cache
configure:2200: checking for i686-pc-linux-gnu-gcc
configure:2227: result: gcc
configure:2496: checking for C compiler version
configure:2505: gcc --version >&5
gcc (Ubuntu 4.4.3-4ubuntu5) 4.4.3
Copyright (C) 2009 Free Software Foundation, Inc.
This is free software; see the source for copying conditions.  There is NO
warranty; not even for MERCHANTABILITY or FITNESS FOR A PARTICULAR PURPOSE.

configure:2516: $? = 0
configure:2505: gcc -v >&5
Using built-in specs.
Target: i486-linux-gnu
Configured with: ../src/configure -v --with-pkgversion='Ubuntu 4.4.3-4ubuntu5' --with-bugurl=file:///usr/share/doc/gcc-4.4/README.Bugs --enable-languages=c,c++,fortran,objc,obj-c++ --prefix=/usr --enable-shared --enable-multiarch --enable-linker-build-id --with-system-zlib --libexecdir=/usr/lib --without-included-gettext --enable-threads=posix --with-gxx-include-dir=/usr/include/c++/4.4 --program-suffix=-4.4 --enable-nls --enable-clocale=gnu --enable-libstdcxx-debug --enable-plugin --enable-objc-gc --enable-targets=all --disable-werror --with-arch-32=i486 --with-tune=generic --enable-checking=release --build=i486-linux-gnu --host=i486-linux-gnu --target=i486-linux-gnu
Thread model: posix
gcc version 4.4.3 (Ubuntu 4.4.3-4ubuntu5) 
configure:2516: $? = 0
configure:2505: gcc -V >&5
gcc: '-V' option must have argument
configure:2516: $? = 1
configure:2505: gcc -qversion >&5
gcc: unrecognized option '-qversion'
gcc: no input files
configure:2516: $? = 1
configure:2536: checking for C compiler default output file name
configure:2558: gcc -g -O2    conftest.c  >&5
configure:2562: $? = 0
configure:2599: result: a.out
configure:2615: checking whether the C compiler works
configure:2624: ./a.out
configure:2628: $? = 0
configure:2643: result: yes
configure:2650: checking whether we are cross compiling
configure:2652: result: no
configure:2655: checking for suffix of executables
configure:2662: gcc -o conftest -g -O2    conftest.c  >&5
configure:2666: $? = 0
configure:2688: result: 
configure:2694: checking for suffix of object files
configure:2741: result: o
configure:2745: checking whether we are using the GNU C compiler
configure:2773: result: yes
configure:2782: checking whether gcc accepts -g
configure:2843: result: yes
configure:2860: checking for gcc option to accept ISO C89
configure:2937: result: none needed
configure:2963: checking how to run the C preprocessor
configure:3033: result: gcc -E
configure:3053: gcc -E  conftest.c
configure:3053: $? = 0
configure:3067: gcc -E  conftest.c
conftest.c:9:28: error: ac_nonexistent.h: No such file or directory
configure:3067: $? = 1
configure: failed program was:
| /* confdefs.h */
| #define PACKAGE_NAME ""
| #define PACKAGE_TARNAME ""
| #define PACKAGE_VERSION ""
| #define PACKAGE_STRING ""
| #define PACKAGE_BUGREPORT ""
| #define PACKAGE_URL ""
| /* end confdefs.h.  */
| #include <ac_nonexistent.h>
configure:3096: checking for grep that handles long lines and -e
configure:3154: result: /bin/grep
configure:3159: checking for egrep
configure:3221: result: /bin/grep -E
configure:3226: checking for ANSI C header files
configure:3330: result: yes
configure:3343: checking for sys/types.h
configure:3343: result: yes
configure:3343: checking for sys/stat.h
configure:3343: result: yes
configure:3343: checking for stdlib.h
configure:3343: result: yes
configure:3343: checking for string.h
configure:3343: result: yes
configure:3343: checking for memory.h
configure:3343: result: yes
configure:3343: checking for strings.h
configure:3343: result: yes
configure:3343: checking for inttypes.h
configure:3343: result: yes
configure:3343: checking for stdint.h
configure:3343: result: yes
configure:3343: checking for unistd.h
configure:3343: result: yes
configure:3357: checking for minix/config.h
configure:3357: result: no
configure:3378: checking whether it is safe to define __EXTENSIONS__
configure:3403: result: yes
configure:3446: checking build system type
configure:3460: result: i686-pc-linux-gnu
configure:3480: checking host system type
configure:3493: result: i686-pc-linux-gnu
configure:3513: checking target system type
configure:3526: result: i686-pc-linux-gnu
configure:3568: checking for a BSD-compatible install
configure:3636: result: /usr/bin/install -c
configure:3659: checking for ANSI C header files
configure:3763: result: yes
configure:3775: checking for sgtty.h
configure:3775: result: yes
configure:3775: checking for termio.h
configure:3775: result: yes
configure:3775: checking for termios.h
configure:3775: result: yes
configure:3775: checking for sys/reg.h
configure:3775: result: yes
configure:3775: checking for string.h
configure:3775: result: yes
configure:3775: checking for proc_service.h
configure:3775: result: no
configure:3775: checking for sys/procfs.h
configure:3775: result: yes
configure:3775: checking for thread_db.h
configure:3775: result: yes
configure:3775: checking linux/elf.h usability
configure:3775: gcc -c -g -O2  conftest.c >&5
configure:3775: $? = 0
configure:3775: result: yes
configure:3775: checking linux/elf.h presence
configure:3775: gcc -E  conftest.c
configure:3775: $? = 0
configure:3775: result: yes
configure:3775: checking for linux/elf.h
configure:3775: result: yes
configure:3775: checking for stdlib.h
configure:3775: result: yes
configure:3775: checking for unistd.h
configure:3775: result: yes
configure:3775: checking errno.h usability
configure:3775: gcc -c -g -O2  conftest.c >&5
configure:3775: $? = 0
configure:3775: result: yes
configure:3775: checking errno.h presence
configure:3775: gcc -E  conftest.c
configure:3775: $? = 0
configure:3775: result: yes
configure:3775: checking for errno.h
configure:3775: result: yes
configure:3775: checking fcntl.h usability
configure:3775: gcc -c -g -O2  conftest.c >&5
configure:3775: $? = 0
configure:3775: result: yes
configure:3775: checking fcntl.h presence
configure:3775: gcc -E  conftest.c
configure:3775: $? = 0
configure:3775: result: yes
configure:3775: checking for fcntl.h
configure:3775: result: yes
configure:3775: checking for signal.h
configure:3775: result: yes
configure:3775: checking for sys/file.h
configure:3775: result: yes
configure:3775: checking malloc.h usability
configure:3775: gcc -c -g -O2  conftest.c >&5
configure:3775: $? = 0
configure:3775: result: yes
configure:3775: checking malloc.h presence
configure:3775: gcc -E  conftest.c
configure:3775: $? = 0
configure:3775: result: yes
configure:3775: checking for malloc.h
configure:3775: result: yes
configure:3775: checking for sys/ioctl.h
configure:3775: result: yes
configure:3775: checking netinet/in.h usability
configure:3775: gcc -c -g -O2  conftest.c >&5
configure:3775: $? = 0
configure:3775: result: yes
configure:3775: checking netinet/in.h presence
configure:3775: gcc -E  conftest.c
configure:3775: $? = 0
configure:3775: result: yes
configure:3775: checking for netinet/in.h
configure:3775: result: yes
configure:3775: checking sys/socket.h usability
configure:3775: gcc -c -g -O2  conftest.c >&5
configure:3775: $? = 0
configure:3775: result: yes
configure:3775: checking sys/socket.h presence
configure:3775: gcc -E  conftest.c
configure:3775: $? = 0
configure:3775: result: yes
configure:3775: checking for sys/socket.h
configure:3775: result: yes
configure:3775: checking netdb.h usability
configure:3775: gcc -c -g -O2  conftest.c >&5
configure:3775: $? = 0
configure:3775: result: yes
configure:3775: checking netdb.h presence
configure:3775: gcc -E  conftest.c
configure:3775: $? = 0
configure:3775: result: yes
configure:3775: checking for netdb.h
configure:3775: result: yes
configure:3775: checking netinet/tcp.h usability
configure:3775: gcc -c -g -O2  conftest.c >&5
configure:3775: $? = 0
configure:3775: result: yes
configure:3775: checking netinet/tcp.h presence
configure:3775: gcc -E  conftest.c
configure:3775: $? = 0
configure:3775: result: yes
configure:3775: checking for netinet/tcp.h
configure:3775: result: yes
configure:3775: checking arpa/inet.h usability
configure:3775: gcc -c -g -O2  conftest.c >&5
configure:3775: $? = 0
configure:3775: result: yes
configure:3775: checking arpa/inet.h presence
configure:3775: gcc -E  conftest.c
configure:3775: $? = 0
configure:3775: result: yes
configure:3775: checking for arpa/inet.h
configure:3775: result: yes
configure:3775: checking for sys/wait.h
configure:3775: result: yes
configure:3789: checking for pread
configure:3789: gcc -o conftest -g -O2    conftest.c  >&5
configure:3789: $? = 0
configure:3789: result: yes
configure:3789: checking for pwrite
configure:3789: gcc -o conftest -g -O2    conftest.c  >&5
configure:3789: $? = 0
configure:3789: result: yes
configure:3789: checking for pread64
configure:3789: result: yes
configure:3801: checking for memmem
configure:3801: result: yes
configure:3823: checking for dladdr
configure:3823: gcc -o conftest -g -O2    conftest.c  -ldl >&5
configure:3823: $? = 0
configure:3823: result: yes
configure:3835: checking for errno
configure:3851: gcc -o conftest -g -O2    conftest.c  >&5
configure:3851: $? = 0
configure:3852: result: yes - in errno.h
configure:3889: checking whether strerror is declared
configure:3889: result: yes
configure:3899: checking whether perror is declared
configure:3899: gcc -c -g -O2  conftest.c >&5
configure:3899: $? = 0
configure:3899: result: yes
configure:3909: checking whether memmem is declared
configure:3909: result: yes
configure:3921: checking for socklen_t
configure:3921: result: yes
configure:3995: checking if building for x86-64
configure:4020: result: no
configure:4081: checking for PTRACE_GETREGS
configure:4097: gcc -c -g -O2  conftest.c >&5
configure:4097: $? = 0
configure:4105: result: yes
configure:4113: checking for PTRACE_GETFPXREGS
configure:4129: gcc -c -g -O2  conftest.c >&5
configure:4129: $? = 0
configure:4137: result: yes
configure:4147: checking for lwpid_t in sys/procfs.h
configure:4179: result: yes
configure:4182: checking for psaddr_t in sys/procfs.h
configure:4214: result: yes
configure:4217: checking for prgregset_t in sys/procfs.h
configure:4249: result: yes
configure:4252: checking for elf_fpregset_t in sys/procfs.h
configure:4270: gcc -c -g -O2  conftest.c >&5
configure:4270: $? = 0
configure:4284: result: yes
configure:4308: gcc -o conftest -g -O2    -rdynamic conftest.c  >&5
configure:4308: $? = 0
configure:4320: checking for TD_VERSION
configure:4336: gcc -c -g -O2  conftest.c >&5
configure:4336: $? = 0
configure:4343: result: yes
configure:4455: updating cache .././config.cache
configure:4492: creating ./config.status

## ---------------------- ##
## Running config.status. ##
## ---------------------- ##

This file was extended by config.status, which was
generated by GNU Autoconf 2.64.  Invocation command line was

  CONFIG_FILES    = 
  CONFIG_HEADERS  = 
  CONFIG_LINKS    = 
  CONFIG_COMMANDS = 
  $ ./config.status 

on ubuntu

config.status:876: creating Makefile
config.status:876: creating config.h
config.status:1056: executing default commands

## ---------------- ##
## Cache variables. ##
## ---------------- ##

ac_cv_build=i686-pc-linux-gnu
ac_cv_c_bigendian=no
ac_cv_c_compiler_gnu=yes
ac_cv_c_const=yes
ac_cv_c_inline=inline
ac_cv_c_restrict=__restrict
ac_cv_env_CC_set=set
ac_cv_env_CC_value=gcc
ac_cv_env_CFLAGS_set=set
ac_cv_env_CFLAGS_value='-g -O2'
ac_cv_env_CPPFLAGS_set=
ac_cv_env_CPPFLAGS_value=
ac_cv_env_CPP_set=
ac_cv_env_CPP_value=
ac_cv_env_LDFLAGS_set=set
ac_cv_env_LDFLAGS_value=' '
ac_cv_env_LIBS_set=
ac_cv_env_LIBS_value=
ac_cv_env_XMKMF_set=
ac_cv_env_XMKMF_value=
ac_cv_env_YACC_set=set
ac_cv_env_YACC_value='/mnt/hgfs/prj/kern_dbg_info/gdb/missing bison -y'
ac_cv_env_YFLAGS_set=
ac_cv_env_YFLAGS_value=
ac_cv_env_build_alias_set=set
ac_cv_env_build_alias_value=i686-pc-linux-gnu
ac_cv_env_host_alias_set=set
ac_cv_env_host_alias_value=i686-pc-linux-gnu
ac_cv_env_target_alias_set=set
ac_cv_env_target_alias_value=i686-pc-linux-gnu
ac_cv_func__mcleanup=yes
ac_cv_func_alloca_works=yes
ac_cv_func_btowc=yes
ac_cv_func_canonicalize_file_name=yes
ac_cv_func_dladdr=yes
ac_cv_func_fork=yes
ac_cv_func_fork_works=yes
ac_cv_func_getgid=yes
ac_cv_func_getpagesize=yes
ac_cv_func_getrlimit=yes
ac_cv_func_getrusage=yes
ac_cv_func_getuid=yes
ac_cv_func_iconvlist=no
ac_cv_func_libiconvlist=no
ac_cv_func_memchr=yes
ac_cv_func_memcmp_working=yes
ac_cv_func_memmem=yes
ac_cv_func_mmap_fixed_mapped=yes
ac_cv_func_monstartup=yes
ac_cv_func_pipe=yes
ac_cv_func_poll=yes
ac_cv_func_pread64=yes
ac_cv_func_pread=yes
ac_cv_func_pwrite=yes
ac_cv_func_realpath=yes
ac_cv_func_sbrk=yes
ac_cv_func_setlocale=yes
ac_cv_func_setpgid=yes
ac_cv_func_setpgrp=yes
ac_cv_func_setpgrp_void=yes
ac_cv_func_setrlimit=yes
ac_cv_func_setsid=yes
ac_cv_func_sigaction=yes
ac_cv_func_sigprocmask=yes
ac_cv_func_sigsetmask=yes
ac_cv_func_socketpair=yes
ac_cv_func_syscall=yes
ac_cv_func_ttrace=no
ac_cv_func_vfork=yes
ac_cv_func_vfork_works=yes
ac_cv_func_wborder=yes
ac_cv_func_wctype=yes
ac_cv_have_decl_ADDR_NO_RANDOMIZE=yes
ac_cv_have_decl_free=yes
ac_cv_have_decl_getopt=yes
ac_cv_have_decl_malloc=yes
ac_cv_have_decl_memmem=yes
ac_cv_have_decl_perror=yes
ac_cv_have_decl_ptrace=yes
ac_cv_have_decl_realloc=yes
ac_cv_have_decl_snprintf=yes
ac_cv_have_decl_strerror=yes
ac_cv_have_decl_strstr=yes
ac_cv_have_decl_vsnprintf=yes
ac_cv_have_x=have_x=no
ac_cv_header_arpa_inet_h=yes
ac_cv_header_ctype_h=yes
ac_cv_header_cursesX_h=no
ac_cv_header_curses_h=yes
ac_cv_header_dirent_dirent_h=yes
ac_cv_header_elf_hp_h=no
ac_cv_header_errno_h=yes
ac_cv_header_fcntl_h=yes
ac_cv_header_gnu_libc_version_h=yes
ac_cv_header_inttypes_h=yes
ac_cv_header_libunwind_h=no
ac_cv_header_libunwind_ia64_h=no
ac_cv_header_link_h=yes
ac_cv_header_linux_elf_h=yes
ac_cv_header_locale_h=yes
ac_cv_header_machine_reg_h=no
ac_cv_header_malloc_h=yes
ac_cv_header_memory_h=yes
ac_cv_header_minix_config_h=no
ac_cv_header_ncurses_h=yes
ac_cv_header_ncurses_ncurses_h=no
ac_cv_header_ncurses_term_h=no
ac_cv_header_netdb_h=yes
ac_cv_header_netinet_in_h=yes
ac_cv_header_netinet_tcp_h=yes
ac_cv_header_nlist_h=no
ac_cv_header_poll_h=yes
ac_cv_header_proc_service_h=no
ac_cv_header_pthread_h=yes
ac_cv_header_ptrace_h=no
ac_cv_header_sgtty_h=yes
ac_cv_header_signal_h=yes
ac_cv_header_stat_broken=no
ac_cv_header_stdc=yes
ac_cv_header_stddef_h=yes
ac_cv_header_stdint_h=yes
ac_cv_header_stdlib_h=yes
ac_cv_header_string_h=yes
ac_cv_header_strings_h=yes
ac_cv_header_sys_debugreg_h=yes
ac_cv_header_sys_fault_h=no
ac_cv_header_sys_file_h=yes
ac_cv_header_sys_filio_h=no
ac_cv_header_sys_ioctl_h=yes
ac_cv_header_sys_param_h=yes
ac_cv_header_sys_poll_h=yes
ac_cv_header_sys_proc_h=no
ac_cv_header_sys_procfs_h=yes
ac_cv_header_sys_ptrace_h=yes
ac_cv_header_sys_reg_h=yes
ac_cv_header_sys_resource_h=yes
ac_cv_header_sys_select_h=yes
ac_cv_header_sys_socket_h=yes
ac_cv_header_sys_stat_h=yes
ac_cv_header_sys_syscall_h=yes
ac_cv_header_sys_types_h=yes
ac_cv_header_sys_user_h=yes
ac_cv_header_sys_wait_h=yes
ac_cv_header_term_h=yes
ac_cv_header_termio_h=yes
ac_cv_header_termios_h=yes
ac_cv_header_thread_db_h=yes
ac_cv_header_time_h=yes
ac_cv_header_unistd_h=yes
ac_cv_header_vfork_h=no
ac_cv_header_wait_h=yes
ac_cv_header_wchar_h=yes
ac_cv_host=i686-pc-linux-gnu
ac_cv_lib_m_main=yes
ac_cv_libexpat=no
ac_cv_member_struct_reg_r_fs=no
ac_cv_member_struct_reg_r_gs=no
ac_cv_member_struct_stat_st_blksize=yes
ac_cv_member_struct_stat_st_blocks=yes
ac_cv_member_struct_thread_td_pcb=no
ac_cv_objext=o
ac_cv_path_EGREP='/bin/grep -E'
ac_cv_path_GREP=/bin/grep
ac_cv_path_mkdir=/bin/mkdir
ac_cv_prog_AR=ar
ac_cv_prog_AWK=mawk
ac_cv_prog_CC=gcc
ac_cv_prog_CPP='gcc -E'
ac_cv_prog_DLLTOOL=dlltool
ac_cv_prog_MAKE=make
ac_cv_prog_RANLIB=ranlib
ac_cv_prog_WINDRES=windres
ac_cv_prog_YACC='/mnt/hgfs/prj/kern_dbg_info/gdb/missing bison -y'
ac_cv_prog_cc_c89=
ac_cv_prog_cc_g=yes
ac_cv_prog_make_make_set=yes
ac_cv_safe_to_define___extensions__=yes
ac_cv_search_dlgetmodinfo=no
ac_cv_search_gethostbyname='none required'
ac_cv_search_opendir='none required'
ac_cv_search_socketpair='none required'
ac_cv_search_tgetent='none required'
ac_cv_search_waddstr=-lncurses
ac_cv_search_zlibVersion=no
ac_cv_sys_file_offset_bits=64
ac_cv_sys_largefile_CC=no
ac_cv_target=i686-pc-linux-gnu
ac_cv_type_long_long_int=yes
ac_cv_type_pid_t=yes
ac_cv_type_signal=void
ac_cv_type_socklen_t=yes
ac_cv_type_unsigned_long_long_int=yes
ac_cv_var__etext=yes
ac_cv_var_etext=yes
ac_cv_working_alloca_h=yes
acl_cv_hardcode_direct=no
acl_cv_hardcode_libdir_flag_spec='${wl}-rpath ${wl}$libdir'
acl_cv_hardcode_libdir_separator=
acl_cv_hardcode_minus_L=no
acl_cv_libext=a
acl_cv_path_LD=ld
acl_cv_prog_gnu_ld=yes
acl_cv_rpath=done
acl_cv_shlibext=so
acl_cv_wl=-Wl,
am_cv_CC_dependencies_compiler_type=gcc3
am_cv_build_libiconv_path=
am_cv_func_iconv=yes
am_cv_langinfo_codeset=yes
am_cv_lib_iconv=no
am_cv_prog_cc_stdc=
am_cv_proto_iconv='extern size_t iconv (iconv_t cd, char * *inbuf, size_t *inbytesleft, char * *outbuf, size_t *outbytesleft);'
am_cv_proto_iconv_arg1=
am_cv_use_build_libiconv=no
am_cv_val_LC_MESSAGES=yes
bfd_cv_have_sys_procfs_type_elf_fpregset_t=yes
bfd_cv_have_sys_procfs_type_fpregset_t=no
bfd_cv_have_sys_procfs_type_gregset_t=no
bfd_cv_have_sys_procfs_type_lwpid_t=yes
bfd_cv_have_sys_procfs_type_pr_sigaction64_t=no
bfd_cv_have_sys_procfs_type_pr_siginfo64_t=no
bfd_cv_have_sys_procfs_type_pr_sigset_t=no
bfd_cv_have_sys_procfs_type_prfpregset32_t=no
bfd_cv_have_sys_procfs_type_prfpregset_t=yes
bfd_cv_have_sys_procfs_type_prgregset32_t=no
bfd_cv_have_sys_procfs_type_prgregset_t=yes
bfd_cv_have_sys_procfs_type_prrun_t=no
bfd_cv_have_sys_procfs_type_prsysent_t=no
bfd_cv_have_sys_procfs_type_psaddr_t=yes
bfd_cv_have_sys_procfs_type_pstatus_t=no
gdb_cv_c_long_double=yes
gdb_cv_c_long_long=yes
gdb_cv_func_ptrace_args=int,int,long,long
gdb_cv_func_ptrace_ret=long
gdb_cv_func_sigsetjmp=yes
gdb_cv_have_gnu_regex=yes
gdb_cv_have_procfs_piocset=no
gdb_cv_have_pt_getdbregs=no
gdb_cv_have_pt_getxmmregs=no
gdb_cv_have_ptrace_getfpxregs=yes
gdb_cv_have_ptrace_getregs=yes
gdb_cv_have_struct_link_map32=no
gdb_cv_have_struct_link_map_with_l_members=yes
gdb_cv_have_struct_link_map_with_lm_members=no
gdb_cv_have_struct_so_map_with_som_members=no
gdb_cv_i386_is_x86_64=no
gdb_cv_os_cygwin=no
gdb_cv_prfpregset_t_broken=no
gdb_cv_printf_has_decfloat=no
gdb_cv_printf_has_long_double=yes
gdb_cv_printf_has_long_long=yes
gdb_cv_scanf_has_long_double=yes
gdb_cv_struct_lwp=no
gdb_cv_struct_reg=no
gdb_cv_sys_syscall_h_has_tkill=yes
gdb_cv_thread_db_h_has_td_notalloc=yes
gdb_cv_thread_db_h_has_td_notls=yes
gdb_cv_thread_db_h_has_td_version=yes
gdb_cv_var_elf=yes
gdbsrv_cv_have_ptrace_getfpxregs=yes
gdbsrv_cv_have_ptrace_getregs=yes
gdbsrv_cv_have_td_version=yes
gl_cv_func_memmem_works=yes
gl_cv_have_include_next=yes
gl_cv_header_wchar_h_standalone=yes
gl_cv_header_working_stdint_h=yes
gl_cv_next_stdint_h='<stdint.h>'
gl_cv_next_string_h='<string.h>'
gl_cv_next_wchar_h='<wchar.h>'

## ----------------- ##
## Output variables. ##
## ----------------- ##

CC='gcc'
CFLAGS='-g -O2'
CPP='gcc -E'
CPPFLAGS=''
DEFS='-DHAVE_CONFIG_H'
ECHO_C=''
ECHO_N='-n'
ECHO_T=''
EGREP='/bin/grep -E'
EXEEXT=''
GDBSERVER_DEPFILES='reg-i386-linux.o linux-low.o linux-x86-low.o i386-low.o i387-fp.o hostio-errno.o thread-db.o proc-service.o'
GDBSERVER_LIBS='-ldl'
GREP='/bin/grep'
INSTALL_DATA='/usr/bin/install -c -m 644'
INSTALL_PROGRAM='/usr/bin/install -c'
INSTALL_SCRIPT='/usr/bin/install -c'
LDFLAGS=' '
LIBOBJS=''
LIBS=''
LTLIBOBJS=''
OBJEXT='o'
PACKAGE_BUGREPORT=''
PACKAGE_NAME=''
PACKAGE_STRING=''
PACKAGE_TARNAME=''
PACKAGE_URL=''
PACKAGE_VERSION=''
PATH_SEPARATOR=':'
PKGVERSION='(GDB) '
RDYNAMIC='-rdynamic'
REPORT_BUGS_TEXI='@uref{http://www.gnu.org/software/gdb/bugs/}'
REPORT_BUGS_TO='<http://www.gnu.org/software/gdb/bugs/>'
SHELL='/bin/bash'
USE_THREAD_DB='-DUSE_THREAD_DB'
ac_ct_CC=''
bindir='${exec_prefix}/bin'
build='i686-pc-linux-gnu'
build_alias='i686-pc-linux-gnu'
build_cpu='i686'
build_os='linux-gnu'
build_vendor='pc'
datadir='${datarootdir}'
datarootdir='${prefix}/share'
docdir='${datarootdir}/doc/${PACKAGE}'
dvidir='${docdir}'
exec_prefix='${prefix}'
host='i686-pc-linux-gnu'
host_alias='i686-pc-linux-gnu'
host_cpu='i686'
host_os='linux-gnu'
host_vendor='pc'
htmldir='${docdir}'
includedir='${prefix}/include'
infodir='${datarootdir}/info'
libdir='${exec_prefix}/lib'
libexecdir='${exec_prefix}/libexec'
localedir='${datarootdir}/locale'
localstatedir='${prefix}/var'
mandir='${datarootdir}/man'
oldincludedir='/usr/include'
pdfdir='${docdir}'
prefix='/mnt/hgfs/prj/kern_dbg_info/gdb/gdb_bin'
program_transform_name='s,y,y,'
psdir='${docdir}'
sbindir='${exec_prefix}/sbin'
sharedstatedir='${prefix}/com'
srv_xmlbuiltin=''
srv_xmlfiles=''
sysconfdir='${prefix}/etc'
target='i686-pc-linux-gnu'
target_alias='i686-pc-linux-gnu'
target_cpu='i686'
target_os='linux-gnu'
target_vendor='pc'

## ----------- ##
## confdefs.h. ##
## ----------- ##

/* confdefs.h */
#define PACKAGE_NAME ""
#define PACKAGE_TARNAME ""
#define PACKAGE_VERSION ""
#define PACKAGE_STRING ""
#define PACKAGE_BUGREPORT ""
#define PACKAGE_URL ""
#define STDC_HEADERS 1
#define HAVE_SYS_TYPES_H 1
#define HAVE_SYS_STAT_H 1
#define HAVE_STDLIB_H 1
#define HAVE_STRING_H 1
#define HAVE_MEMORY_H 1
#define HAVE_STRINGS_H 1
#define HAVE_INTTYPES_H 1
#define HAVE_STDINT_H 1
#define HAVE_UNISTD_H 1
#define __EXTENSIONS__ 1
#define _ALL_SOURCE 1
#define _GNU_SOURCE 1
#define _POSIX_PTHREAD_SEMANTICS 1
#define _TANDEM_SOURCE 1
#define STDC_HEADERS 1
#define HAVE_SGTTY_H 1
#define HAVE_TERMIO_H 1
#define HAVE_TERMIOS_H 1
#define HAVE_SYS_REG_H 1
#define HAVE_STRING_H 1
#define HAVE_SYS_PROCFS_H 1
#define HAVE_THREAD_DB_H 1
#define HAVE_LINUX_ELF_H 1
#define HAVE_STDLIB_H 1
#define HAVE_UNISTD_H 1
#define HAVE_ERRNO_H 1
#define HAVE_FCNTL_H 1
#define HAVE_SIGNAL_H 1
#define HAVE_SYS_FILE_H 1
#define HAVE_MALLOC_H 1
#define HAVE_SYS_IOCTL_H 1
#define HAVE_NETINET_IN_H 1
#define HAVE_SYS_SOCKET_H 1
#define HAVE_NETDB_H 1
#define HAVE_NETINET_TCP_H 1
#define HAVE_ARPA_INET_H 1
#define HAVE_SYS_WAIT_H 1
#define HAVE_PREAD 1
#define HAVE_PWRITE 1
#define HAVE_PREAD64 1
#define HAVE_MEMMEM 1
#define HAVE_DLADDR 1
#define HAVE_ERRNO 1
#define HAVE_DECL_STRERROR 1
#define HAVE_DECL_PERROR 1
#define HAVE_DECL_MEMMEM 1
#define HAVE_SOCKLEN_T 1
#define PKGVERSION "(GDB) "
#define REPORT_BUGS_TO "<http://www.gnu.org/software/gdb/bugs/>"
#define HAVE_LINUX_USRREGS 1
#define HAVE_LINUX_REGSETS 1
#define HAVE_PTRACE_GETREGS 1
#define HAVE_PTRACE_GETFPXREGS 1
#define HAVE_LWPID_T 1
#define HAVE_PSADDR_T 1
#define HAVE_PRGREGSET_T 1
#define HAVE_ELF_FPREGSET_T 1
#define HAVE_TD_VERSION 1

configure: exit 0

## ---------------------- ##
## Running config.status. ##
## ---------------------- ##

This file was extended by config.status, which was
generated by GNU Autoconf 2.64.  Invocation command line was

  CONFIG_FILES    = 
  CONFIG_HEADERS  = config.h:config.in
  CONFIG_LINKS    = 
  CONFIG_COMMANDS = 
  $ ./config.status 

on ubuntu

config.status:: creating config.h
config.status:: config.h is unchanged
config.status:: executing default commands
