This file contains any messages produced by compilers while
running configure, to aid debugging if configure makes a mistake.

It was created by configure, which was
generated by GNU Autoconf 2.64.  Invocation command line was

  $ /mnt/hgfs/prj/kern_dbg_info/gdb/bfd/configure --cache-file=./config.cache --with-system-zlib --prefix=/mnt/hgfs/prj/kern_dbg_info/gdb/gdb_bin --program-transform-name=s,y,y, --disable-option-checking --build=i686-pc-linux-gnu --host=i686-pc-linux-gnu --target=i686-pc-linux-gnu --srcdir=.././bfd

## --------- ##
## Platform. ##
## --------- ##

hostname = ubuntu
uname -m = i686
uname -r = 2.6.38.8
uname -s = Linux
uname -v = #0 SMP Thu Oct 27 12:20:47 PDT 2011

/usr/bin/uname -p = unknown
/bin/uname -X     = unknown

/bin/arch              = unknown
/usr/bin/arch -k       = unknown
/usr/convex/getsysinfo = unknown
/usr/bin/hostinfo      = unknown
/bin/machine           = unknown
/usr/bin/oslevel       = unknown
/bin/universe          = unknown

PATH: /usr/local/sbin
PATH: /usr/local/bin
PATH: /usr/sbin
PATH: /usr/bin
PATH: /sbin
PATH: /bin
PATH: /usr/games


## ----------- ##
## Core tests. ##
## ----------- ##

configure:2439: loading cache ./config.cache
configure:2552: checking build system type
configure:2566: result: i686-pc-linux-gnu
configure:2586: checking host system type
configure:2599: result: i686-pc-linux-gnu
configure:2619: checking target system type
configure:2632: result: i686-pc-linux-gnu
configure:2666: checking for i686-pc-linux-gnu-gcc
configure:2693: result: gcc
configure:2962: checking for C compiler version
configure:2971: gcc --version >&5
gcc (Ubuntu 4.4.3-4ubuntu5) 4.4.3
Copyright (C) 2009 Free Software Foundation, Inc.
This is free software; see the source for copying conditions.  There is NO
warranty; not even for MERCHANTABILITY or FITNESS FOR A PARTICULAR PURPOSE.

configure:2982: $? = 0
configure:2971: gcc -v >&5
Using built-in specs.
Target: i486-linux-gnu
Configured with: ../src/configure -v --with-pkgversion='Ubuntu 4.4.3-4ubuntu5' --with-bugurl=file:///usr/share/doc/gcc-4.4/README.Bugs --enable-languages=c,c++,fortran,objc,obj-c++ --prefix=/usr --enable-shared --enable-multiarch --enable-linker-build-id --with-system-zlib --libexecdir=/usr/lib --without-included-gettext --enable-threads=posix --with-gxx-include-dir=/usr/include/c++/4.4 --program-suffix=-4.4 --enable-nls --enable-clocale=gnu --enable-libstdcxx-debug --enable-plugin --enable-objc-gc --enable-targets=all --disable-werror --with-arch-32=i486 --with-tune=generic --enable-checking=release --build=i486-linux-gnu --host=i486-linux-gnu --target=i486-linux-gnu
Thread model: posix
gcc version 4.4.3 (Ubuntu 4.4.3-4ubuntu5) 
configure:2982: $? = 0
configure:2971: gcc -V >&5
gcc: '-V' option must have argument
configure:2982: $? = 1
configure:2971: gcc -qversion >&5
gcc: unrecognized option '-qversion'
gcc: no input files
configure:2982: $? = 1
configure:3002: checking for C compiler default output file name
configure:3024: gcc -g -O2    conftest.c  >&5
configure:3028: $? = 0
configure:3065: result: a.out
configure:3081: checking whether the C compiler works
configure:3090: ./a.out
configure:3094: $? = 0
configure:3109: result: yes
configure:3116: checking whether we are cross compiling
configure:3118: result: no
configure:3121: checking for suffix of executables
configure:3128: gcc -o conftest -g -O2    conftest.c  >&5
configure:3132: $? = 0
configure:3154: result: 
configure:3160: checking for suffix of object files
configure:3207: result: o
configure:3211: checking whether we are using the GNU C compiler
configure:3239: result: yes
configure:3248: checking whether gcc accepts -g
configure:3309: result: yes
configure:3326: checking for gcc option to accept ISO C89
configure:3403: result: none needed
configure:3424: checking for library containing strerror
configure:3472: result: none required
configure:3497: checking for a BSD-compatible install
configure:3565: result: /usr/bin/install -c
configure:3576: checking whether build environment is sane
configure:3626: result: yes
configure:3767: checking for a thread-safe mkdir -p
configure:3806: result: /bin/mkdir -p
configure:3819: checking for gawk
configure:3846: result: mawk
configure:3857: checking whether make sets $(MAKE)
configure:3879: result: yes
configure:3909: checking for style of include used by make
configure:3937: result: GNU
configure:4022: checking dependency style of gcc
configure:4132: result: gcc3
configure:4152: checking for i686-pc-linux-gnu-ar
configure:4179: result: ar
configure:4244: checking for i686-pc-linux-gnu-ranlib
configure:4271: result: ranlib
configure:4374: checking for i686-pc-linux-gnu-gcc
configure:4401: result: gcc
configure:4670: checking for C compiler version
configure:4679: gcc --version >&5
gcc (Ubuntu 4.4.3-4ubuntu5) 4.4.3
Copyright (C) 2009 Free Software Foundation, Inc.
This is free software; see the source for copying conditions.  There is NO
warranty; not even for MERCHANTABILITY or FITNESS FOR A PARTICULAR PURPOSE.

configure:4690: $? = 0
configure:4679: gcc -v >&5
Using built-in specs.
Target: i486-linux-gnu
Configured with: ../src/configure -v --with-pkgversion='Ubuntu 4.4.3-4ubuntu5' --with-bugurl=file:///usr/share/doc/gcc-4.4/README.Bugs --enable-languages=c,c++,fortran,objc,obj-c++ --prefix=/usr --enable-shared --enable-multiarch --enable-linker-build-id --with-system-zlib --libexecdir=/usr/lib --without-included-gettext --enable-threads=posix --with-gxx-include-dir=/usr/include/c++/4.4 --program-suffix=-4.4 --enable-nls --enable-clocale=gnu --enable-libstdcxx-debug --enable-plugin --enable-objc-gc --enable-targets=all --disable-werror --with-arch-32=i486 --with-tune=generic --enable-checking=release --build=i486-linux-gnu --host=i486-linux-gnu --target=i486-linux-gnu
Thread model: posix
gcc version 4.4.3 (Ubuntu 4.4.3-4ubuntu5) 
configure:4690: $? = 0
configure:4679: gcc -V >&5
gcc: '-V' option must have argument
configure:4690: $? = 1
configure:4679: gcc -qversion >&5
gcc: unrecognized option '-qversion'
gcc: no input files
configure:4690: $? = 1
configure:4694: checking whether we are using the GNU C compiler
configure:4722: result: yes
configure:4731: checking whether gcc accepts -g
configure:4792: result: yes
configure:4809: checking for gcc option to accept ISO C89
configure:4886: result: none needed
configure:4911: checking how to run the C preprocessor
configure:4981: result: gcc -E
configure:5001: gcc -E  conftest.c
configure:5001: $? = 0
configure:5015: gcc -E  conftest.c
conftest.c:11:28: error: ac_nonexistent.h: No such file or directory
configure:5015: $? = 1
configure: failed program was:
| /* confdefs.h */
| #define PACKAGE_NAME ""
| #define PACKAGE_TARNAME ""
| #define PACKAGE_VERSION ""
| #define PACKAGE_STRING ""
| #define PACKAGE_BUGREPORT ""
| #define PACKAGE_URL ""
| #define PACKAGE "bfd"
| #define VERSION "2.20.51"
| /* end confdefs.h.  */
| #include <ac_nonexistent.h>
configure:5044: checking for grep that handles long lines and -e
configure:5102: result: /bin/grep
configure:5107: checking for egrep
configure:5169: result: /bin/grep -E
configure:5174: checking for ANSI C header files
configure:5278: result: yes
configure:5291: checking for sys/types.h
configure:5291: result: yes
configure:5291: checking for sys/stat.h
configure:5291: result: yes
configure:5291: checking for stdlib.h
configure:5291: result: yes
configure:5291: checking for string.h
configure:5291: result: yes
configure:5291: checking for memory.h
configure:5291: result: yes
configure:5291: checking for strings.h
configure:5291: result: yes
configure:5291: checking for inttypes.h
configure:5291: result: yes
configure:5291: checking for stdint.h
configure:5291: result: yes
configure:5291: checking for unistd.h
configure:5291: result: yes
configure:5305: checking for minix/config.h
configure:5305: result: no
configure:5326: checking whether it is safe to define __EXTENSIONS__
configure:5351: result: yes
configure:5414: checking how to print strings
configure:5441: result: printf
configure:5462: checking for a sed that does not truncate output
configure:5526: result: /bin/sed
configure:5544: checking for fgrep
configure:5606: result: /bin/grep -F
configure:5641: checking for ld used by gcc
configure:5708: result: ld
configure:5715: checking if the linker (ld) is GNU ld
configure:5730: result: yes
configure:5742: checking for BSD- or MS-compatible name lister (nm)
configure:5791: result: nm
configure:5921: checking the name lister (nm) interface
configure:5941: result: BSD nm
configure:5944: checking whether ln -s works
configure:5948: result: yes
configure:5956: checking the maximum length of command line arguments
configure:6081: result: 805306365
configure:6098: checking whether the shell understands some XSI constructs
configure:6108: result: yes
configure:6112: checking whether the shell understands "+="
configure:6118: result: yes
configure:6153: checking for ld option to reload object files
configure:6160: result: -r
configure:6189: checking for i686-pc-linux-gnu-objdump
configure:6216: result: objdump
configure:6288: checking how to recognize dependent libraries
configure:6489: result: pass_all
configure:6509: checking for i686-pc-linux-gnu-ar
configure:6536: result: ar
configure:6614: checking for i686-pc-linux-gnu-strip
configure:6644: result: no
configure:6654: checking for strip
configure:6681: result: strip
configure:6713: checking for i686-pc-linux-gnu-ranlib
configure:6740: result: ranlib
configure:6882: checking command to parse nm output from gcc object
configure:7105: result: ok
configure:7940: checking for dlfcn.h
configure:7940: result: yes
configure:8096: checking for objdir
configure:8111: result: .libs
configure:8382: checking if gcc supports -fno-rtti -fno-exceptions
configure:8417: result: no
configure:8437: checking for gcc option to produce PIC
configure:8722: result: -fPIC -DPIC
configure:8734: checking if gcc PIC flag -fPIC -DPIC works
configure:8769: result: yes
configure:8793: checking if gcc static flag -static works
configure:8821: result: yes
configure:8836: checking if gcc supports -c -o file.o
configure:8883: result: yes
configure:8891: checking if gcc supports -c -o file.o
configure:8938: result: yes
configure:8971: checking whether the gcc linker (ld) supports shared libraries
configure:10046: result: yes
configure:10291: checking dynamic linker characteristics
configure:10968: result: GNU/Linux ld.so
configure:11075: checking how to hardcode library paths into programs
configure:11100: result: immediate
configure:11194: checking for shl_load
configure:11194: result: no
configure:11198: checking for shl_load in -ldld
configure:11232: result: no
configure:11237: checking for dlopen
configure:11237: result: no
configure:11241: checking for dlopen in -ldl
configure:11275: result: yes
configure:11394: checking whether a program can dlopen itself
configure:11495: result: yes
configure:11500: checking whether a statically linked program can dlopen itself
configure:11601: result: no
configure:11640: checking whether stripping libraries is possible
configure:11645: result: yes
configure:11680: checking if libtool supports shared libraries
configure:11682: result: yes
configure:11685: checking whether to build shared libraries
configure:11706: result: no
configure:11709: checking whether to build static libraries
configure:11713: result: yes
configure:11793: checking for special C compiler options needed for large files
configure:11838: result: no
configure:11844: checking for _FILE_OFFSET_BITS value needed for large files
configure:11901: result: 64
configure:12200: checking whether to enable maintainer-specific portions of Makefiles
configure:12209: result: no
configure:12245: checking whether to install libbfd
configure:12258: result: yes
configure:12308: checking whether NLS is requested
configure:12314: result: yes
configure:12320: checking for catalogs to be installed
configure:12352: result:  da es fi fr id ja ro ru rw sv tr vi zh_CN da es fi fr id ja ro ru rw sv tr vi zh_CN
configure:12379: checking whether NLS is requested
configure:12388: result: yes
configure:12426: checking for msgfmt
configure:12460: result: no
configure:12466: checking for gmsgfmt
configure:12497: result: :
configure:12537: checking for xgettext
configure:12571: result: no
configure:12608: checking for msgmerge
configure:12641: result: no
configure:12691: checking size of long long
configure:12711: result: 8
configure:12725: checking size of void *
configure:12745: result: 4
configure:12759: checking size of long
configure:12779: result: 4
configure:12861: checking for alloca.h
configure:12861: result: yes
configure:12861: checking for stddef.h
configure:12861: result: yes
configure:12861: checking for string.h
configure:12861: result: yes
configure:12861: checking for strings.h
configure:12861: result: yes
configure:12861: checking for stdlib.h
configure:12861: result: yes
configure:12861: checking for time.h
configure:12861: result: yes
configure:12861: checking for unistd.h
configure:12861: result: yes
configure:12875: checking for fcntl.h
configure:12875: result: yes
configure:12875: checking for sys/file.h
configure:12875: result: yes
configure:12875: checking for sys/time.h
configure:12875: result: yes
configure:12875: checking for sys/stat.h
configure:12875: result: yes
configure:12899: checking for uintmax_t
configure:12899: gcc -c -g -O2  conftest.c >&5
configure:12899: $? = 0
configure:12899: gcc -c -g -O2  conftest.c >&5
conftest.c: In function 'main':
conftest.c:50: error: expected expression before ')' token
configure:12899: $? = 1
configure: failed program was:
| /* confdefs.h */
| #define PACKAGE_NAME ""
| #define PACKAGE_TARNAME ""
| #define PACKAGE_VERSION ""
| #define PACKAGE_STRING ""
| #define PACKAGE_BUGREPORT ""
| #define PACKAGE_URL ""
| #define PACKAGE "bfd"
| #define VERSION "2.20.51"
| #define STDC_HEADERS 1
| #define HAVE_SYS_TYPES_H 1
| #define HAVE_SYS_STAT_H 1
| #define HAVE_STDLIB_H 1
| #define HAVE_STRING_H 1
| #define HAVE_MEMORY_H 1
| #define HAVE_STRINGS_H 1
| #define HAVE_INTTYPES_H 1
| #define HAVE_STDINT_H 1
| #define HAVE_UNISTD_H 1
| #define __EXTENSIONS__ 1
| #define _ALL_SOURCE 1
| #define _GNU_SOURCE 1
| #define _POSIX_PTHREAD_SEMANTICS 1
| #define _TANDEM_SOURCE 1
| #define HAVE_DLFCN_H 1
| #define LT_OBJDIR ".libs/"
| #define _FILE_OFFSET_BITS 64
| #define ENABLE_NLS 1
| #define SIZEOF_LONG_LONG 8
| #define SIZEOF_VOID_P 4
| #define SIZEOF_LONG 4
| #define HAVE_ALLOCA_H 1
| #define HAVE_STDDEF_H 1
| #define HAVE_STRING_H 1
| #define HAVE_STRINGS_H 1
| #define HAVE_STDLIB_H 1
| #define HAVE_TIME_H 1
| #define HAVE_UNISTD_H 1
| #define HAVE_FCNTL_H 1
| #define HAVE_SYS_FILE_H 1
| #define HAVE_SYS_TIME_H 1
| #define HAVE_SYS_STAT_H 1
| /* end confdefs.h.  */
| #include <sys/types.h>
| #include <stdint.h>
| 
| int
| main ()
| {
| if (sizeof ((uintmax_t)))
| 	    return 0;
|   ;
|   return 0;
| }
configure:12899: result: yes
configure:12908: checking for uintptr_t
configure:12908: gcc -c -g -O2  conftest.c >&5
configure:12908: $? = 0
configure:12908: gcc -c -g -O2  conftest.c >&5
conftest.c: In function 'main':
conftest.c:50: error: expected expression before ')' token
configure:12908: $? = 1
configure: failed program was:
| /* confdefs.h */
| #define PACKAGE_NAME ""
| #define PACKAGE_TARNAME ""
| #define PACKAGE_VERSION ""
| #define PACKAGE_STRING ""
| #define PACKAGE_BUGREPORT ""
| #define PACKAGE_URL ""
| #define PACKAGE "bfd"
| #define VERSION "2.20.51"
| #define STDC_HEADERS 1
| #define HAVE_SYS_TYPES_H 1
| #define HAVE_SYS_STAT_H 1
| #define HAVE_STDLIB_H 1
| #define HAVE_STRING_H 1
| #define HAVE_MEMORY_H 1
| #define HAVE_STRINGS_H 1
| #define HAVE_INTTYPES_H 1
| #define HAVE_STDINT_H 1
| #define HAVE_UNISTD_H 1
| #define __EXTENSIONS__ 1
| #define _ALL_SOURCE 1
| #define _GNU_SOURCE 1
| #define _POSIX_PTHREAD_SEMANTICS 1
| #define _TANDEM_SOURCE 1
| #define HAVE_DLFCN_H 1
| #define LT_OBJDIR ".libs/"
| #define _FILE_OFFSET_BITS 64
| #define ENABLE_NLS 1
| #define SIZEOF_LONG_LONG 8
| #define SIZEOF_VOID_P 4
| #define SIZEOF_LONG 4
| #define HAVE_ALLOCA_H 1
| #define HAVE_STDDEF_H 1
| #define HAVE_STRING_H 1
| #define HAVE_STRINGS_H 1
| #define HAVE_STDLIB_H 1
| #define HAVE_TIME_H 1
| #define HAVE_UNISTD_H 1
| #define HAVE_FCNTL_H 1
| #define HAVE_SYS_FILE_H 1
| #define HAVE_SYS_TIME_H 1
| #define HAVE_SYS_STAT_H 1
| /* end confdefs.h.  */
| #include <sys/types.h>
| #include <stdint.h>
| 
| int
| main ()
| {
| if (sizeof ((uintptr_t)))
| 	    return 0;
|   ;
|   return 0;
| }
configure:12908: result: yes
configure:12917: checking for int_least32_t
configure:12917: gcc -c -g -O2  conftest.c >&5
configure:12917: $? = 0
configure:12917: gcc -c -g -O2  conftest.c >&5
conftest.c: In function 'main':
conftest.c:50: error: expected expression before ')' token
configure:12917: $? = 1
configure: failed program was:
| /* confdefs.h */
| #define PACKAGE_NAME ""
| #define PACKAGE_TARNAME ""
| #define PACKAGE_VERSION ""
| #define PACKAGE_STRING ""
| #define PACKAGE_BUGREPORT ""
| #define PACKAGE_URL ""
| #define PACKAGE "bfd"
| #define VERSION "2.20.51"
| #define STDC_HEADERS 1
| #define HAVE_SYS_TYPES_H 1
| #define HAVE_SYS_STAT_H 1
| #define HAVE_STDLIB_H 1
| #define HAVE_STRING_H 1
| #define HAVE_MEMORY_H 1
| #define HAVE_STRINGS_H 1
| #define HAVE_INTTYPES_H 1
| #define HAVE_STDINT_H 1
| #define HAVE_UNISTD_H 1
| #define __EXTENSIONS__ 1
| #define _ALL_SOURCE 1
| #define _GNU_SOURCE 1
| #define _POSIX_PTHREAD_SEMANTICS 1
| #define _TANDEM_SOURCE 1
| #define HAVE_DLFCN_H 1
| #define LT_OBJDIR ".libs/"
| #define _FILE_OFFSET_BITS 64
| #define ENABLE_NLS 1
| #define SIZEOF_LONG_LONG 8
| #define SIZEOF_VOID_P 4
| #define SIZEOF_LONG 4
| #define HAVE_ALLOCA_H 1
| #define HAVE_STDDEF_H 1
| #define HAVE_STRING_H 1
| #define HAVE_STRINGS_H 1
| #define HAVE_STDLIB_H 1
| #define HAVE_TIME_H 1
| #define HAVE_UNISTD_H 1
| #define HAVE_FCNTL_H 1
| #define HAVE_SYS_FILE_H 1
| #define HAVE_SYS_TIME_H 1
| #define HAVE_SYS_STAT_H 1
| /* end confdefs.h.  */
| #include <sys/types.h>
| #include <stdint.h>
| 
| int
| main ()
| {
| if (sizeof ((int_least32_t)))
| 	    return 0;
|   ;
|   return 0;
| }
configure:12917: result: yes
configure:12926: checking for int_fast32_t
configure:12926: gcc -c -g -O2  conftest.c >&5
configure:12926: $? = 0
configure:12926: gcc -c -g -O2  conftest.c >&5
conftest.c: In function 'main':
conftest.c:50: error: expected expression before ')' token
configure:12926: $? = 1
configure: failed program was:
| /* confdefs.h */
| #define PACKAGE_NAME ""
| #define PACKAGE_TARNAME ""
| #define PACKAGE_VERSION ""
| #define PACKAGE_STRING ""
| #define PACKAGE_BUGREPORT ""
| #define PACKAGE_URL ""
| #define PACKAGE "bfd"
| #define VERSION "2.20.51"
| #define STDC_HEADERS 1
| #define HAVE_SYS_TYPES_H 1
| #define HAVE_SYS_STAT_H 1
| #define HAVE_STDLIB_H 1
| #define HAVE_STRING_H 1
| #define HAVE_MEMORY_H 1
| #define HAVE_STRINGS_H 1
| #define HAVE_INTTYPES_H 1
| #define HAVE_STDINT_H 1
| #define HAVE_UNISTD_H 1
| #define __EXTENSIONS__ 1
| #define _ALL_SOURCE 1
| #define _GNU_SOURCE 1
| #define _POSIX_PTHREAD_SEMANTICS 1
| #define _TANDEM_SOURCE 1
| #define HAVE_DLFCN_H 1
| #define LT_OBJDIR ".libs/"
| #define _FILE_OFFSET_BITS 64
| #define ENABLE_NLS 1
| #define SIZEOF_LONG_LONG 8
| #define SIZEOF_VOID_P 4
| #define SIZEOF_LONG 4
| #define HAVE_ALLOCA_H 1
| #define HAVE_STDDEF_H 1
| #define HAVE_STRING_H 1
| #define HAVE_STRINGS_H 1
| #define HAVE_STDLIB_H 1
| #define HAVE_TIME_H 1
| #define HAVE_UNISTD_H 1
| #define HAVE_FCNTL_H 1
| #define HAVE_SYS_FILE_H 1
| #define HAVE_SYS_TIME_H 1
| #define HAVE_SYS_STAT_H 1
| /* end confdefs.h.  */
| #include <sys/types.h>
| #include <stdint.h>
| 
| int
| main ()
| {
| if (sizeof ((int_fast32_t)))
| 	    return 0;
|   ;
|   return 0;
| }
configure:12926: result: yes
configure:12935: checking for uint64_t
configure:12935: gcc -c -g -O2  conftest.c >&5
configure:12935: $? = 0
configure:12935: gcc -c -g -O2  conftest.c >&5
conftest.c: In function 'main':
conftest.c:50: error: expected expression before ')' token
configure:12935: $? = 1
configure: failed program was:
| /* confdefs.h */
| #define PACKAGE_NAME ""
| #define PACKAGE_TARNAME ""
| #define PACKAGE_VERSION ""
| #define PACKAGE_STRING ""
| #define PACKAGE_BUGREPORT ""
| #define PACKAGE_URL ""
| #define PACKAGE "bfd"
| #define VERSION "2.20.51"
| #define STDC_HEADERS 1
| #define HAVE_SYS_TYPES_H 1
| #define HAVE_SYS_STAT_H 1
| #define HAVE_STDLIB_H 1
| #define HAVE_STRING_H 1
| #define HAVE_MEMORY_H 1
| #define HAVE_STRINGS_H 1
| #define HAVE_INTTYPES_H 1
| #define HAVE_STDINT_H 1
| #define HAVE_UNISTD_H 1
| #define __EXTENSIONS__ 1
| #define _ALL_SOURCE 1
| #define _GNU_SOURCE 1
| #define _POSIX_PTHREAD_SEMANTICS 1
| #define _TANDEM_SOURCE 1
| #define HAVE_DLFCN_H 1
| #define LT_OBJDIR ".libs/"
| #define _FILE_OFFSET_BITS 64
| #define ENABLE_NLS 1
| #define SIZEOF_LONG_LONG 8
| #define SIZEOF_VOID_P 4
| #define SIZEOF_LONG 4
| #define HAVE_ALLOCA_H 1
| #define HAVE_STDDEF_H 1
| #define HAVE_STRING_H 1
| #define HAVE_STRINGS_H 1
| #define HAVE_STDLIB_H 1
| #define HAVE_TIME_H 1
| #define HAVE_UNISTD_H 1
| #define HAVE_FCNTL_H 1
| #define HAVE_SYS_FILE_H 1
| #define HAVE_SYS_TIME_H 1
| #define HAVE_SYS_STAT_H 1
| /* end confdefs.h.  */
| #include <sys/types.h>
| #include <stdint.h>
| 
| int
| main ()
| {
| if (sizeof ((uint64_t)))
| 	    return 0;
|   ;
|   return 0;
| }
configure:12935: result: yes
configure:13016: checking what to include in bfd_stdint.h
configure:13044: result: stdint.h (already complete)
configure:13296: checking whether time.h and sys/time.h may both be included
configure:13323: result: yes
configure:13334: checking for dirent.h that defines DIR
configure:13361: result: yes
configure:13375: checking for library containing opendir
configure:13423: result: none required
configure:13490: checking whether string.h and strings.h may both be included
configure:13514: result: yes
configure:13525: checking for fcntl
configure:13525: result: yes
configure:13525: checking for getpagesize
configure:13525: result: yes
configure:13525: checking for setitimer
configure:13525: result: yes
configure:13525: checking for sysconf
configure:13525: result: yes
configure:13525: checking for fdopen
configure:13525: result: yes
configure:13525: checking for getuid
configure:13525: result: yes
configure:13525: checking for getgid
configure:13525: result: yes
configure:13525: checking for fileno
configure:13525: result: yes
configure:13537: checking for strtoull
configure:13537: result: yes
configure:13547: checking whether basename is declared
configure:13547: result: yes
configure:13558: checking whether ftello is declared
configure:13558: result: yes
configure:13569: checking whether ftello64 is declared
configure:13569: result: yes
configure:13580: checking whether fseeko is declared
configure:13580: result: yes
configure:13591: checking whether fseeko64 is declared
configure:13591: result: yes
configure:13611: checking whether ffs is declared
configure:13611: result: yes
configure:13622: checking whether free is declared
configure:13622: result: yes
configure:13633: checking whether getenv is declared
configure:13633: result: yes
configure:13644: checking whether malloc is declared
configure:13644: result: yes
configure:13655: checking whether realloc is declared
configure:13655: result: yes
configure:13666: checking whether stpcpy is declared
configure:13666: result: yes
configure:13677: checking whether strstr is declared
configure:13677: result: yes
configure:13688: checking whether snprintf is declared
configure:13688: result: yes
configure:13699: checking whether vsnprintf is declared
configure:13699: result: yes
configure:13725: checking for library containing zlibVersion
configure:13773: result: no
configure:14048: checking for sys/procfs.h
configure:14048: result: yes
configure:14059: checking for prstatus_t in sys/procfs.h
configure:14093: result: yes
configure:14096: checking for prstatus32_t in sys/procfs.h
configure:14130: result: no
configure:14133: checking for prstatus_t.pr_who in sys/procfs.h
configure:14167: result: no
configure:14170: checking for prstatus32_t.pr_who in sys/procfs.h
configure:14204: result: no
configure:14207: checking for pstatus_t in sys/procfs.h
configure:14241: result: no
configure:14244: checking for pxstatus_t in sys/procfs.h
configure:14278: result: no
configure:14281: checking for pstatus32_t in sys/procfs.h
configure:14315: result: no
configure:14318: checking for prpsinfo_t in sys/procfs.h
configure:14352: result: yes
configure:14355: checking for prpsinfo32_t in sys/procfs.h
configure:14389: result: no
configure:14392: checking for psinfo_t in sys/procfs.h
configure:14426: result: no
configure:14429: checking for psinfo32_t in sys/procfs.h
configure:14463: result: no
configure:14466: checking for lwpstatus_t in sys/procfs.h
configure:14500: result: no
configure:14503: checking for lwpxstatus_t in sys/procfs.h
configure:14537: result: no
configure:14540: checking for lwpstatus_t.pr_context in sys/procfs.h
configure:14574: result: no
configure:14577: checking for lwpstatus_t.pr_reg in sys/procfs.h
configure:14611: result: no
configure:14614: checking for lwpstatus_t.pr_fpreg in sys/procfs.h
configure:14648: result: no
configure:14651: checking for win32_pstatus_t in sys/procfs.h
configure:14685: result: no
configure:14701: checking linker --as-needed support
configure:14712: result: yes
configure:14803: checking for cos in -lm
configure:14837: result: yes
configure:15396: checking for ftello
configure:15396: result: yes
configure:15396: checking for ftello64
configure:15396: result: yes
configure:15396: checking for fseeko
configure:15396: result: yes
configure:15396: checking for fseeko64
configure:15396: result: yes
configure:15396: checking for fopen64
configure:15396: result: yes
configure:15411: checking size of off_t
configure:15431: result: 8
configure:15442: checking file_ptr type
configure:15451: result: BFD_HOST_64_BIT
configure:15468: checking for stdlib.h
configure:15468: result: yes
configure:15468: checking for unistd.h
configure:15468: result: yes
configure:15481: checking for getpagesize
configure:15481: result: yes
configure:15490: checking for working mmap
configure:15637: result: yes
configure:15649: checking for madvise
configure:15649: result: yes
configure:15649: checking for mprotect
configure:15649: result: yes
configure:15811: creating ./config.status

## ---------------------- ##
## Running config.status. ##
## ---------------------- ##

This file was extended by config.status, which was
generated by GNU Autoconf 2.64.  Invocation command line was

  CONFIG_FILES    = 
  CONFIG_HEADERS  = 
  CONFIG_LINKS    = 
  CONFIG_COMMANDS = 
  $ ./config.status 

on ubuntu

config.status:1223: creating Makefile
config.status:1223: creating doc/Makefile
config.status:1223: creating bfd-in3.h
config.status:1223: creating po/Makefile.in
config.status:1223: creating config.h
config.status:1395: config.h is unchanged
config.status:1443: executing depfiles commands
config.status:1443: executing libtool commands
config.status:1443: executing default-1 commands
config.status:1443: executing bfd_stdint.h commands
config.status:1443: executing default commands

## ---------------- ##
## Cache variables. ##
## ---------------- ##

ac_cv_build=i686-pc-linux-gnu
ac_cv_c_compiler_gnu=yes
ac_cv_env_CC_set=set
ac_cv_env_CC_value=gcc
ac_cv_env_CFLAGS_set=set
ac_cv_env_CFLAGS_value='-g -O2'
ac_cv_env_CPPFLAGS_set=
ac_cv_env_CPPFLAGS_value=
ac_cv_env_CPP_set=
ac_cv_env_CPP_value=
ac_cv_env_LDFLAGS_set=set
ac_cv_env_LDFLAGS_value=' '
ac_cv_env_LIBS_set=
ac_cv_env_LIBS_value=
ac_cv_env_build_alias_set=set
ac_cv_env_build_alias_value=i686-pc-linux-gnu
ac_cv_env_host_alias_set=set
ac_cv_env_host_alias_value=i686-pc-linux-gnu
ac_cv_env_target_alias_set=set
ac_cv_env_target_alias_value=i686-pc-linux-gnu
ac_cv_func_dlopen=no
ac_cv_func_fcntl=yes
ac_cv_func_fdopen=yes
ac_cv_func_fileno=yes
ac_cv_func_fopen64=yes
ac_cv_func_fseeko64=yes
ac_cv_func_fseeko=yes
ac_cv_func_ftello64=yes
ac_cv_func_ftello=yes
ac_cv_func_getgid=yes
ac_cv_func_getpagesize=yes
ac_cv_func_getuid=yes
ac_cv_func_madvise=yes
ac_cv_func_mmap_fixed_mapped=yes
ac_cv_func_mprotect=yes
ac_cv_func_setitimer=yes
ac_cv_func_shl_load=no
ac_cv_func_strtoull=yes
ac_cv_func_sysconf=yes
ac_cv_have_decl_basename=yes
ac_cv_have_decl_ffs=yes
ac_cv_have_decl_free=yes
ac_cv_have_decl_fseeko64=yes
ac_cv_have_decl_fseeko=yes
ac_cv_have_decl_ftello64=yes
ac_cv_have_decl_ftello=yes
ac_cv_have_decl_getenv=yes
ac_cv_have_decl_malloc=yes
ac_cv_have_decl_realloc=yes
ac_cv_have_decl_snprintf=yes
ac_cv_have_decl_stpcpy=yes
ac_cv_have_decl_strstr=yes
ac_cv_have_decl_vsnprintf=yes
ac_cv_header_alloca_h=yes
ac_cv_header_dirent_dirent_h=yes
ac_cv_header_dlfcn_h=yes
ac_cv_header_fcntl_h=yes
ac_cv_header_inttypes_h=yes
ac_cv_header_memory_h=yes
ac_cv_header_minix_config_h=no
ac_cv_header_stdc=yes
ac_cv_header_stddef_h=yes
ac_cv_header_stdint_h=yes
ac_cv_header_stdlib_h=yes
ac_cv_header_string_h=yes
ac_cv_header_strings_h=yes
ac_cv_header_sys_file_h=yes
ac_cv_header_sys_procfs_h=yes
ac_cv_header_sys_stat_h=yes
ac_cv_header_sys_time_h=yes
ac_cv_header_sys_types_h=yes
ac_cv_header_time=yes
ac_cv_header_time_h=yes
ac_cv_header_unistd_h=yes
ac_cv_host=i686-pc-linux-gnu
ac_cv_lib_dl_dlopen=yes
ac_cv_lib_dld_shl_load=no
ac_cv_lib_m_cos=yes
ac_cv_objext=o
ac_cv_path_EGREP='/bin/grep -E'
ac_cv_path_FGREP='/bin/grep -F'
ac_cv_path_GMSGFMT=:
ac_cv_path_GREP=/bin/grep
ac_cv_path_MSGFMT=:
ac_cv_path_MSGMERGE=:
ac_cv_path_SED=/bin/sed
ac_cv_path_XGETTEXT=:
ac_cv_path_mkdir=/bin/mkdir
ac_cv_prog_AR=ar
ac_cv_prog_AWK=mawk
ac_cv_prog_CC=gcc
ac_cv_prog_CPP='gcc -E'
ac_cv_prog_OBJDUMP=objdump
ac_cv_prog_RANLIB=ranlib
ac_cv_prog_ac_ct_STRIP=strip
ac_cv_prog_cc_c89=
ac_cv_prog_cc_g=yes
ac_cv_prog_make_make_set=yes
ac_cv_safe_to_define___extensions__=yes
ac_cv_search_opendir='none required'
ac_cv_search_strerror='none required'
ac_cv_search_zlibVersion=no
ac_cv_sizeof_long=4
ac_cv_sizeof_long_long=8
ac_cv_sizeof_off_t=8
ac_cv_sizeof_void_p=4
ac_cv_sys_file_offset_bits=64
ac_cv_sys_largefile_CC=no
ac_cv_target=i686-pc-linux-gnu
ac_cv_type_int_fast32_t=yes
ac_cv_type_int_least32_t=yes
ac_cv_type_u_int64_t=no
ac_cv_type_uint64_t=yes
ac_cv_type_uintmax_t=yes
ac_cv_type_uintptr_t=yes
acx_cv_header_stdint=stdint.h
acx_cv_header_stdint_kind='(already complete)'
am_cv_CC_dependencies_compiler_type=gcc3
bfd_cv_have_sys_procfs_type_lwpstatus_t=no
bfd_cv_have_sys_procfs_type_lwpxstatus_t=no
bfd_cv_have_sys_procfs_type_member_lwpstatus_t_pr_context=no
bfd_cv_have_sys_procfs_type_member_lwpstatus_t_pr_fpreg=no
bfd_cv_have_sys_procfs_type_member_lwpstatus_t_pr_reg=no
bfd_cv_have_sys_procfs_type_member_prstatus32_t_pr_who=no
bfd_cv_have_sys_procfs_type_member_prstatus_t_pr_who=no
bfd_cv_have_sys_procfs_type_prpsinfo32_t=no
bfd_cv_have_sys_procfs_type_prpsinfo_t=yes
bfd_cv_have_sys_procfs_type_prstatus32_t=no
bfd_cv_have_sys_procfs_type_prstatus_t=yes
bfd_cv_have_sys_procfs_type_psinfo32_t=no
bfd_cv_have_sys_procfs_type_psinfo_t=no
bfd_cv_have_sys_procfs_type_pstatus32_t=no
bfd_cv_have_sys_procfs_type_pstatus_t=no
bfd_cv_have_sys_procfs_type_pxstatus_t=no
bfd_cv_have_sys_procfs_type_win32_pstatus_t=no
bfd_cv_ld_as_needed=yes
gcc_cv_header_string=yes
lt_cv_deplibs_check_method=pass_all
lt_cv_dlopen=dlopen
lt_cv_dlopen_libs=-ldl
lt_cv_dlopen_self=yes
lt_cv_dlopen_self_static=no
lt_cv_file_magic_cmd='$MAGIC_CMD'
lt_cv_file_magic_test_file=
lt_cv_ld_reload_flag=-r
lt_cv_nm_interface='BSD nm'
lt_cv_objdir=.libs
lt_cv_path_LD=ld
lt_cv_path_NM=nm
lt_cv_prog_compiler_c_o=yes
lt_cv_prog_compiler_pic_works=yes
lt_cv_prog_compiler_rtti_exceptions=no
lt_cv_prog_compiler_static_works=yes
lt_cv_prog_gnu_ld=yes
lt_cv_shlibpath_overrides_runpath=no
lt_cv_sys_global_symbol_pipe='sed -n -e '\''s/^.*[	 ]\([ABCDGIRSTW][ABCDGIRSTW]*\)[	 ][	 ]*\([_A-Za-z][_A-Za-z0-9]*\)$/\1 \2 \2/p'\'''
lt_cv_sys_global_symbol_to_c_name_address='sed -n -e '\''s/^: \([^ ]*\) $/  {\"\1\", (void *) 0},/p'\'' -e '\''s/^[ABCDGIRSTW]* \([^ ]*\) \([^ ]*\)$/  {"\2", (void *) \&\2},/p'\'''
lt_cv_sys_global_symbol_to_c_name_address_lib_prefix='sed -n -e '\''s/^: \([^ ]*\) $/  {\"\1\", (void *) 0},/p'\'' -e '\''s/^[ABCDGIRSTW]* \([^ ]*\) \(lib[^ ]*\)$/  {"\2", (void *) \&\2},/p'\'' -e '\''s/^[ABCDGIRSTW]* \([^ ]*\) \([^ ]*\)$/  {"lib\2", (void *) \&\2},/p'\'''
lt_cv_sys_global_symbol_to_cdecl='sed -n -e '\''s/^T .* \(.*\)$/extern int \1();/p'\'' -e '\''s/^[ABCDGIRSTW]* .* \(.*\)$/extern char \1;/p'\'''
lt_cv_sys_max_cmd_len=805306365

## ----------------- ##
## Output variables. ##
## ----------------- ##

ACLOCAL='${SHELL} /mnt/hgfs/prj/kern_dbg_info/gdb/missing --run aclocal-1.11'
AMDEPBACKSLASH='\'
AMDEP_FALSE='#'
AMDEP_TRUE=''
AMTAR='${SHELL} /mnt/hgfs/prj/kern_dbg_info/gdb/missing --run tar'
AR='ar'
AUTOCONF='${SHELL} /mnt/hgfs/prj/kern_dbg_info/gdb/missing --run autoconf'
AUTOHEADER='${SHELL} /mnt/hgfs/prj/kern_dbg_info/gdb/missing --run autoheader'
AUTOMAKE='${SHELL} /mnt/hgfs/prj/kern_dbg_info/gdb/missing --run automake-1.11'
AWK='mawk'
BFD_HOSTPTR_T='unsigned long'
BFD_HOST_64BIT_LONG='0'
BFD_HOST_64BIT_LONG_LONG='1'
BFD_HOST_64_BIT='long long'
BFD_HOST_64_BIT_DEFINED='1'
BFD_HOST_U_64_BIT='unsigned long long'
CATALOGS=' da.gmo es.gmo fi.gmo fr.gmo id.gmo ja.gmo ro.gmo ru.gmo rw.gmo sv.gmo tr.gmo vi.gmo zh_CN.gmo da.gmo es.gmo fi.gmo fr.gmo id.gmo ja.gmo ro.gmo ru.gmo rw.gmo sv.gmo tr.gmo vi.gmo zh_CN.gmo'
CATOBJEXT='.gmo'
CC='gcc'
CCDEPMODE='depmode=gcc3'
CC_FOR_BUILD='gcc'
CFLAGS='-g -O2'
COREFILE='trad-core.lo'
COREFLAG=' -DTRAD_CORE'
CPP='gcc -E'
CPPFLAGS=''
CYGPATH_W='echo'
DATADIRNAME='share'
DEBUGDIR='${exec_prefix}/lib/debug'
DEFS='-DHAVE_CONFIG_H'
DEPDIR='.deps'
DSYMUTIL=''
DUMPBIN=''
ECHO_C=''
ECHO_N='-n'
ECHO_T=''
EGREP='/bin/grep -E'
EXEEXT=''
EXEEXT_FOR_BUILD='$(EXEEXT)'
FGREP='/bin/grep -F'
GENCAT='gencat'
GENINSRC_NEVER_FALSE=''
GENINSRC_NEVER_TRUE='#'
GMSGFMT=':'
GREP='/bin/grep'
HDEFINES=''
INCINTL=''
INSTALL_DATA='/usr/bin/install -c -m 644'
INSTALL_LIBBFD_FALSE='#'
INSTALL_LIBBFD_TRUE=''
INSTALL_PROGRAM='/usr/bin/install -c'
INSTALL_SCRIPT='/usr/bin/install -c'
INSTALL_STRIP_PROGRAM='$(install_sh) -c -s'
INSTOBJEXT='.mo'
LD='ld'
LDFLAGS=' '
LIBINTL=''
LIBINTL_DEP=''
LIBM='-lm'
LIBOBJS=''
LIBS=''
LIBTOOL='$(SHELL) $(top_builddir)/libtool'
LIPO=''
LN_S='ln -s'
LTLIBOBJS=''
MAINT='#'
MAINTAINER_MODE_FALSE=''
MAINTAINER_MODE_TRUE='#'
MAKEINFO='makeinfo --split-size=5000000'
MKDIR_P='/bin/mkdir -p'
MKINSTALLDIRS='$(top_builddir)/./../mkinstalldirs'
MSGFMT=':'
MSGMERGE=':'
NM='nm'
NMEDIT=''
NO_WERROR='-Wno-error'
OBJDUMP='objdump'
OBJEXT='o'
OTOOL64=''
OTOOL=''
PACKAGE='bfd'
PACKAGE_BUGREPORT=''
PACKAGE_NAME=''
PACKAGE_STRING=''
PACKAGE_TARNAME=''
PACKAGE_URL=''
PACKAGE_VERSION=''
PATH_SEPARATOR=':'
PKGVERSION='(GNU Binutils) '
PLUGINS_FALSE=''
PLUGINS_TRUE='#'
POSUB='po'
RANLIB='ranlib'
REPORT_BUGS_TEXI='@uref{http://www.sourceware.org/bugzilla/}'
REPORT_BUGS_TO='<http://www.sourceware.org/bugzilla/>'
SED='/bin/sed'
SET_MAKE=''
SHARED_LDFLAGS=''
SHARED_LIBADD=''
SHELL='/bin/bash'
STRIP='strip'
TDEFINES=' '
USE_NLS='yes'
VERSION='2.20.51'
WARN_CFLAGS='-W -Wall -Wstrict-prototypes -Wmissing-prototypes -Wshadow -Werror'
XGETTEXT=':'
ac_ct_CC=''
ac_ct_DUMPBIN=''
all_backends='$(BFD32_BACKENDS)'
am__EXEEXT_FALSE=''
am__EXEEXT_TRUE='#'
am__fastdepCC_FALSE='#'
am__fastdepCC_TRUE=''
am__include='include'
am__isrc=''
am__leading_dot='.'
am__quote=''
am__tar='${AMTAR} chof - "$$tardir"'
am__untar='${AMTAR} xf -'
bfd64_libs=''
bfd_backends=' elf32-i386.lo elf-ifunc.lo elf-vxworks.lo elf32.lo elf.lo elflink.lo elf-attrs.lo elf-strtab.lo elf-eh-frame.lo dwarf1.lo i386linux.lo aout32.lo pei-i386.lo peigen.lo cofflink.lo elf32-gen.lo'
bfd_default_target_size='32'
bfd_file_ptr='BFD_HOST_64_BIT'
bfd_machines=' cpu-i386.lo'
bfd_ufile_ptr='BFD_HOST_U_64_BIT'
bfdincludedir='$(includedir)'
bfdlibdir='$(libdir)'
bindir='${exec_prefix}/bin'
build='i686-pc-linux-gnu'
build_alias='i686-pc-linux-gnu'
build_cpu='i686'
build_os='linux-gnu'
build_vendor='pc'
datadir='${datarootdir}'
datarootdir='${prefix}/share'
docdir='${datarootdir}/doc/${PACKAGE}'
dvidir='${docdir}'
exec_prefix='${prefix}'
host='i686-pc-linux-gnu'
host_alias='i686-pc-linux-gnu'
host_cpu='i686'
host_noncanonical='i686-pc-linux-gnu'
host_os='linux-gnu'
host_vendor='pc'
htmldir='${docdir}'
includedir='${prefix}/include'
infodir='${datarootdir}/info'
install_sh='${SHELL} /mnt/hgfs/prj/kern_dbg_info/gdb/install-sh'
libdir='${exec_prefix}/lib'
libexecdir='${exec_prefix}/libexec'
localedir='${datarootdir}/locale'
localstatedir='${prefix}/var'
mandir='${datarootdir}/man'
mkdir_p='/bin/mkdir -p'
oldincludedir='/usr/include'
pdfdir='${docdir}'
prefix='/mnt/hgfs/prj/kern_dbg_info/gdb/gdb_bin'
program_transform_name='s,y,y,'
psdir='${docdir}'
sbindir='${exec_prefix}/sbin'
sharedstatedir='${prefix}/com'
supports_plugins='0'
sysconfdir='${prefix}/etc'
target='i686-pc-linux-gnu'
target_alias='i686-pc-linux-gnu'
target_cpu='i686'
target_noncanonical='i686-pc-linux-gnu'
target_os='linux-gnu'
target_vendor='pc'
tdefaults=' -DDEFAULT_VECTOR=bfd_elf32_i386_vec -DSELECT_VECS='\''&bfd_elf32_i386_vec,&i386linux_vec,&i386pei_vec,&bfd_elf32_little_generic_vec,&bfd_elf32_big_generic_vec'\'' -DSELECT_ARCHITECTURES='\''&bfd_i386_arch'\'' -DHAVE_bfd_elf32_i386_vec -DHAVE_i386linux_vec -DHAVE_i386pei_vec -DHAVE_bfd_elf32_little_generic_vec -DHAVE_bfd_elf32_big_generic_vec'
wordsize='32'

## ----------- ##
## confdefs.h. ##
## ----------- ##

/* confdefs.h */
#define PACKAGE_NAME ""
#define PACKAGE_TARNAME ""
#define PACKAGE_VERSION ""
#define PACKAGE_STRING ""
#define PACKAGE_BUGREPORT ""
#define PACKAGE_URL ""
#define PACKAGE "bfd"
#define VERSION "2.20.51"
#define STDC_HEADERS 1
#define HAVE_SYS_TYPES_H 1
#define HAVE_SYS_STAT_H 1
#define HAVE_STDLIB_H 1
#define HAVE_STRING_H 1
#define HAVE_MEMORY_H 1
#define HAVE_STRINGS_H 1
#define HAVE_INTTYPES_H 1
#define HAVE_STDINT_H 1
#define HAVE_UNISTD_H 1
#define __EXTENSIONS__ 1
#define _ALL_SOURCE 1
#define _GNU_SOURCE 1
#define _POSIX_PTHREAD_SEMANTICS 1
#define _TANDEM_SOURCE 1
#define HAVE_DLFCN_H 1
#define LT_OBJDIR ".libs/"
#define _FILE_OFFSET_BITS 64
#define ENABLE_NLS 1
#define SIZEOF_LONG_LONG 8
#define SIZEOF_VOID_P 4
#define SIZEOF_LONG 4
#define HAVE_ALLOCA_H 1
#define HAVE_STDDEF_H 1
#define HAVE_STRING_H 1
#define HAVE_STRINGS_H 1
#define HAVE_STDLIB_H 1
#define HAVE_TIME_H 1
#define HAVE_UNISTD_H 1
#define HAVE_FCNTL_H 1
#define HAVE_SYS_FILE_H 1
#define HAVE_SYS_TIME_H 1
#define HAVE_SYS_STAT_H 1
#define TIME_WITH_SYS_TIME 1
#define HAVE_DIRENT_H 1
#define STRING_WITH_STRINGS 1
#define HAVE_FCNTL 1
#define HAVE_GETPAGESIZE 1
#define HAVE_SETITIMER 1
#define HAVE_SYSCONF 1
#define HAVE_FDOPEN 1
#define HAVE_GETUID 1
#define HAVE_GETGID 1
#define HAVE_FILENO 1
#define HAVE_STRTOULL 1
#define HAVE_DECL_BASENAME 1
#define HAVE_DECL_FTELLO 1
#define HAVE_DECL_FTELLO64 1
#define HAVE_DECL_FSEEKO 1
#define HAVE_DECL_FSEEKO64 1
#define HAVE_DECL_FFS 1
#define HAVE_DECL_FREE 1
#define HAVE_DECL_GETENV 1
#define HAVE_DECL_MALLOC 1
#define HAVE_DECL_REALLOC 1
#define HAVE_DECL_STPCPY 1
#define HAVE_DECL_STRSTR 1
#define HAVE_DECL_SNPRINTF 1
#define HAVE_DECL_VSNPRINTF 1
#define HAVE_SYS_PROCFS_H 1
#define HAVE_PRSTATUS_T 1
#define HAVE_PRPSINFO_T 1
#define TRAD_HEADER "hosts/i386linux.h"
#define HAVE_FTELLO 1
#define HAVE_FTELLO64 1
#define HAVE_FSEEKO 1
#define HAVE_FSEEKO64 1
#define HAVE_FOPEN64 1
#define SIZEOF_OFF_T 8
#define HAVE_STDLIB_H 1
#define HAVE_UNISTD_H 1
#define HAVE_GETPAGESIZE 1
#define HAVE_MMAP 1
#define HAVE_MADVISE 1
#define HAVE_MPROTECT 1

configure: exit 0
